Branch master (at efb9670) deployed as release 20140207121255 by macbook; 
Branch master (at efb9670) deployed as release 20140207134359 by macbook; 
Branch master (at efb9670) deployed as release 20140207170043 by macbook; 
Branch master (at efb9670) deployed as release 20140207170135 by macbook; 
Branch master (at efb9670) deployed as release 20140207170236 by macbook; 
Branch master (at efb9670) deployed as release 20140207172114 by macbook; 
Branch master (at efb9670) deployed as release 20140207182822 by macbook; 
Branch master (at efb9670) deployed as release 20140207184328 by macbook; 
Branch master (at efb9670) deployed as release 20140207184441 by macbook; 
Branch master (at ce21d77) deployed as release 20140208160525 by macbook; 
Branch master (at ce21d77) deployed as release 20140208161622 by macbook; 
Branch master (at ce21d77) deployed as release 20140208161736 by macbook; 
Branch master (at ce21d77) deployed as release 20140208162049 by macbook; 
Branch master (at c289cce) deployed as release 20140208175524 by macbook; 
Branch master (at c289cce) deployed as release 20140208175656 by macbook; 
Branch master (at 6380766) deployed as release 20140211152652 by macbook; 
Branch master (at b214ced) deployed as release 20140213135733 by aleksandrleontev; 
Branch master (at 5638de0) deployed as release 20140220192752 by macbook; 
Branch master (at 5638de0) deployed as release 20140220193203 by macbook; 
Branch master (at 5638de0) deployed as release 20140220193615 by macbook; 
Branch master (at 5638de0) deployed as release 20140220193719 by macbook; 
Branch master (at 95d548c) deployed as release 20140227184900 by macbook; 
Branch master (at 95d548c) deployed as release 20140227185135 by macbook; 
Branch master (at 18fc525) deployed as release 20140228090029 by aleksandrleontev; 
Branch master (at c6485f9) deployed as release 20140304144536 by aleksandrleontev; 
Branch master (at de9ef45) deployed as release 20140305122213 by aleksandrleontev; 
Branch master (at 75f69f8) deployed as release 20140305140927 by aleksandrleontev; 
Branch master (at 3d50a04) deployed as release 20140306140647 by aleksandrleontev; 
Branch master (at 3d50a04) deployed as release 20140306143920 by aleksandrleontev; 
Branch master (at ddab423) deployed as release 20140306144018 by aleksandrleontev; 
Branch master (at 28a0243) deployed as release 20140306154310 by aleksandrleontev; 
Branch master (at d3616bd) deployed as release 20140307063411 by aleksandrleontev; 
Branch master (at d3616bd) deployed as release 20140307063649 by aleksandrleontev; 
Branch master (at d3616bd) deployed as release 20140307074933 by aleksandrleontev; 
Branch master (at 47ab09a) deployed as release 20140307075435 by aleksandrleontev; 
Branch master (at 47ab09a) deployed as release 20140307080307 by aleksandrleontev; 
Branch master (at 47ab09a) deployed as release 20140307080432 by aleksandrleontev; 
Branch master (at c509345) deployed as release 20140307080714 by aleksandrleontev; 
Branch master (at c509345) deployed as release 20140307081440 by aleksandrleontev; 
Branch master (at c509345) deployed as release 20140307082449 by aleksandrleontev; 
Branch master (at f2ac45f) deployed as release 20140307084719 by aleksandrleontev; 
Branch master (at ba7944e) deployed as release 20140307090014 by aleksandrleontev; 
Branch master (at 5cfca13) deployed as release 20140307095012 by aleksandrleontev; 
Branch master (at 5cfca13) deployed as release 20140307100108 by aleksandrleontev; 
Branch master (at 5fee7d9) deployed as release 20140307112500 by aleksandrleontev; 
Branch master (at d6a2a87) deployed as release 20140310080252 by aleksandrleontev; 
Branch master (at f2bd770) deployed as release 20140310123505 by aleksandrleontev; 
Branch master (at c958af1) deployed as release 20140310130622 by aleksandrleontev; 
Branch master (at 11184a8) deployed as release 20140311115736 by aleksandrleontev; 
Branch master (at a5850ea) deployed as release 20140311143546 by aleksandrleontev; 
Branch master (at a5850ea) deployed as release 20140311143852 by aleksandrleontev; 
Branch master (at e6b542e) deployed as release 20140311145721 by aleksandrleontev; 
Branch master (at 49314b1) deployed as release 20140312075732 by aleksandrleontev; 
Branch master (at 3effcf7) deployed as release 20140312085154 by aleksandrleontev; 
Branch master (at 7f4ff6e) deployed as release 20140312111547 by aleksandrleontev; 
Branch master (at 0fa22f1) deployed as release 20140312112712 by aleksandrleontev; 
Branch master (at ed21f6c) deployed as release 20140312113618 by aleksandrleontev; 
Branch master (at 87eab00) deployed as release 20140312114120 by aleksandrleontev; 
Branch master (at ec71bf8) deployed as release 20140313145624 by aleksandrleontev; 
Branch master (at b01e590) deployed as release 20140314131027 by aleksandrleontev; 
Branch master (at 4756af4) deployed as release 20140314131426 by aleksandrleontev; 
Branch master (at 570314d) deployed as release 20140314131925 by aleksandrleontev; 
Branch master (at f89ed6d) deployed as release 20140314133103 by aleksandrleontev; 
Branch master (at 16787fb) deployed as release 20140314133359 by aleksandrleontev; 
Branch master (at d2cc5e0) deployed as release 20140314135738 by aleksandrleontev; 
Branch master (at d2cc5e0) deployed as release 20140314195707 by macbook; 
Branch master (at 4408e78) deployed as release 20140316083252 by macbook; 
Branch master (at c31327c) deployed as release 20140316084826 by macbook; 
Branch master (at f393056) deployed as release 20140317084418 by aleksandrleontev; 
Branch master (at 58ec467) deployed as release 20140317085536 by aleksandrleontev; 
Branch master (at 15e7a9c) deployed as release 20140317090104 by aleksandrleontev; 
Branch master (at 7158350) deployed as release 20140317094803 by aleksandrleontev; 
Branch master (at 7158350) deployed as release 20140317100603 by aleksandrleontev; 
Branch master (at 03c303b) deployed as release 20140317101157 by aleksandrleontev; 
Branch master (at 172f57e) deployed as release 20140317102740 by aleksandrleontev; 
Branch master (at 73f2801) deployed as release 20140317105248 by aleksandrleontev; 
Branch master (at 5d2f491) deployed as release 20140317110927 by aleksandrleontev; 
Branch master (at 251aec8) deployed as release 20140317111304 by aleksandrleontev; 
Branch master (at 742fdc9) deployed as release 20140317115437 by stas; 
Branch master (at d2cc3aa) deployed as release 20140317121515 by stas; 
Branch master (at 2bc63be) deployed as release 20140317124719 by stas; 
Branch master (at ed16267) deployed as release 20140317130848 by stas; 
Branch master (at 3f9491e) deployed as release 20140317143353 by aleksandrleontev; 
Branch master (at afca65a) deployed as release 20140317145034 by aleksandrleontev; 
Branch master (at 95ec23c) deployed as release 20140317170724 by macbook; 
Branch master (at 576b343) deployed as release 20140317173816 by macbook; 
Branch master (at a294917) deployed as release 20140317174857 by macbook; 
Branch master (at 4ee029f) deployed as release 20140317182602 by macbook; 
Branch master (at c7c6f95) deployed as release 20140318113921 by stas; 
Branch master (at 9012e76) deployed as release 20140318114424 by aleksandrleontev; 
Branch master (at d8b2a42) deployed as release 20140318121326 by aleksandrleontev; 
Branch master (at 712ed11) deployed as release 20140321125630 by aleksandrleontev; 
Branch master (at f899d9d) deployed as release 20140321133645 by aleksandrleontev; 
Branch master (at 2857747) deployed as release 20140324075132 by aleksandrleontev; 
Branch master (at 0610696) deployed as release 20140324140752 by aleksandrleontev; 
Branch master (at df8fe64) deployed as release 20140325053757 by stas; 
Branch master (at 01b1715) deployed as release 20140325073452 by aleksandrleontev; 
Branch master (at 77de5dd) deployed as release 20140325101932 by aleksandrleontev; 
Branch master (at b8746fe) deployed as release 20140328141517 by stas; 
Branch master (at 543c3fc) deployed as release 20140330163147 by macbook; 
Branch master (at f7e80da) deployed as release 20140401084440 by aleksandrleontev; 
Branch master (at f7e80da) deployed as release 20140401103112 by aleksandrleontev; 
Branch master (at 3273854) deployed as release 20140401103309 by aleksandrleontev; 
Branch master (at 694c709) deployed as release 20140401113044 by aleksandrleontev; 
Branch master (at 7edab3c) deployed as release 20140402133553 by aleksandrleontev; 
Branch master (at 6e5110b) deployed as release 20140403150651 by aleksandrleontev; 
Branch master (at ca67f8f) deployed as release 20140403151312 by aleksandrleontev; 
Branch master (at d7c2973) deployed as release 20140404141243 by aleksandrleontev; 
Branch master (at a4c782b) deployed as release 20140404144615 by aleksandrleontev; 
Branch master (at 5ddb1a8) deployed as release 20140409130547 by aleksandrleontev; 
Branch master (at 5ddb1a8) deployed as release 20140409131311 by aleksandrleontev; 
Branch master (at 2cf95bb) deployed as release 20140409140120 by aleksandrleontev; 
Branch master (at 2d4751d) deployed as release 20140410073650 by aleksandrleontev; 
Branch master (at c0d8ce5) deployed as release 20140411122039 by aleksandrleontev; 
Branch master (at b4cfa78) deployed as release 20140411122644 by aleksandrleontev; 
Branch master (at b4cfa78) deployed as release 20140411124726 by aleksandrleontev; 
Branch master (at dd5bae1) deployed as release 20140416124951 by aleksandrleontev; 
Branch master (at 22e230e) deployed as release 20140424134051 by aleksandrleontev; 
Branch master (at cc42059) deployed as release 20140424140905 by aleksandrleontev; 
Branch master (at d8bdbdd) deployed as release 20140425131023 by aleksandrleontev; 
Branch master (at 2b34820) deployed as release 20140429173650 by macbook; 
Branch master (at 6387298) deployed as release 20140505200726 by macbook; 
Branch master (at 3712099) deployed as release 20140506140522 by aleksandrleontev; 
Branch master (at 3712099) deployed as release 20140506140658 by aleksandrleontev; 
Branch master (at b880f91) deployed as release 20140506143122 by aleksandrleontev; 
Branch master (at fd639f5) deployed as release 20140507141834 by aleksandrleontev; 
Branch master (at 1f61bbc) deployed as release 20140512130806 by aleksandrleontev; 
Branch master (at eed7e11) deployed as release 20140512134358 by aleksandrleontev; 
Branch master (at d959fc2) deployed as release 20140513101304 by aleksandrleontev; 
Branch master (at 5e56c24) deployed as release 20140513144018 by aleksandrleontev; 
Branch master (at d28dce0) deployed as release 20140514063433 by aleksandrleontev; 
Branch master (at dd297e2) deployed as release 20140521112612 by aleksandrleontev; 
Branch master (at 9e16de6) deployed as release 20140611083657 by aleksandrleontev; 
Branch master (at 33edc0e) deployed as release 20140611085919 by aleksandrleontev
Branch master (at 33edc0e) deployed as release 20140611085954 by aleksandrleontev
Branch master (at 33edc0e) deployed as release 20140611090048 by aleksandrleontev
Branch master (at 33edc0e) deployed as release 20140611090255 by aleksandrleontev
Branch master (at 33edc0e) deployed as release 20140611090556 by aleksandrleontev
Branch master (at 2443504) deployed as release 20140611113819 by aleksandrleontev
Branch master (at 996d993) deployed as release 20140611115053 by aleksandrleontev
Branch master (at f4fb2d1) deployed as release 20140611120014 by aleksandrleontev
Branch master (at 0c65326) deployed as release 20140611134213 by aleksandrleontev
Branch master (at 60e66bd) deployed as release 20140629135438 by macbook
Branch master (at 24616d1) deployed as release 20140629142022 by macbook
Branch master (at 24616d1) deployed as release 20140629145416 by macbook
Branch master (at a7228fa) deployed as release 20140630132405 by aleksandrleontev
Branch master (at fffe279) deployed as release 20140630140644 by aleksandrleontev
Branch master (at 123de74) deployed as release 20140701130609 by aleksandrleontev
Branch master (at 33a6ee3) deployed as release 20140702084810 by aleksandrleontev
Branch master (at d96943d) deployed as release 20140702112234 by aleksandrleontev
Branch master (at 58c767d) deployed as release 20140702125943 by aleksandrleontev
Branch master (at d567377) deployed as release 20140702131627 by aleksandrleontev
Branch master (at 4921575) deployed as release 20140702132910 by aleksandrleontev
Branch master (at f6d8e70) deployed as release 20140704135938 by aleksandrleontev
Branch master (at 61784ee) deployed as release 20140704140655 by aleksandrleontev
Branch master (at 7a54d66) deployed as release 20140806133021 by aleksandrleontev
Branch master (at 1032758) deployed as release 20140806133350 by aleksandrleontev
Branch master (at a9741e2) deployed as release 20140808065633 by aleksandrleontev
Branch master (at a9741e2) deployed as release 20140808070148 by aleksandrleontev
Branch master (at f69822a) deployed as release 20141002072659 by aleksandrleontev
Branch master (at 65496e8) deployed as release 20141002073924 by aleksandrleontev
Branch master (at 65496e8) deployed as release 20141002074210 by aleksandrleontev
Branch master (at deafd4c) deployed as release 20141002135639 by aleksandrleontev
Branch master (at db4fb7f) deployed as release 20141002192144 by macbook
Branch master (at dcbdfad) deployed as release 20141002192727 by macbook
Branch master (at 7d1f119) deployed as release 20141003064144 by aleksandrleontev
Branch master (at 5c8566c) deployed as release 20141117145136 by aleksandrleontev
Branch master (at c813a94) deployed as release 20150326175538 by leontevaleksandr
Branch master (at 7ce0400) deployed as release 20150326180837 by leontevaleksandr
Branch master (at b667edb) deployed as release 20150326183311 by leontevaleksandr
Branch master (at ee356f1) deployed as release 20150327150410 by leontevaleksandr
Branch master (at 7b0a41e) deployed as release 20150328200549 by leontevaleksandr
Branch master (at 3a770b0) deployed as release 20150328201051 by leontevaleksandr
Branch master (at d01dc5c) deployed as release 20150330142947 by aleksandrleontev
Branch master (at f4f1a84) deployed as release 20150330143407 by aleksandrleontev
Branch master (at 9d3ce7e) deployed as release 20150330151550 by aleksandrleontev
Branch master (at 73aa953) deployed as release 20150330155615 by aleksandrleontev
Branch master (at 3b9dff4) deployed as release 20150330160854 by aleksandrleontev
Branch master (at 8121e8f) deployed as release 20150330163532 by aleksandrleontev
Branch master (at 096ee5c) deployed as release 20150330164333 by aleksandrleontev
Branch master (at f4438b8) deployed as release 20150331140443 by aleksandrleontev
Branch master (at f83bd29) deployed as release 20150331141434 by aleksandrleontev
Branch master (at 24b7271) deployed as release 20150331142208 by aleksandrleontev
Branch master (at 20decd9) deployed as release 20150331144622 by aleksandrleontev
Branch master (at ab2a74a) deployed as release 20150331154039 by aleksandrleontev
Branch master (at 8d40389) deployed as release 20150331203330 by leontevaleksandr
Branch master (at ca3fd58) deployed as release 20150331203507 by leontevaleksandr
Branch master (at 5c8ece3) deployed as release 20150331204429 by leontevaleksandr
Branch master (at 7362b1b) deployed as release 20150331204838 by leontevaleksandr
Branch master (at aae5870) deployed as release 20150401140220 by aleksandrleontev
Branch master (at aae5870) deployed as release 20150401140543 by aleksandrleontev
Branch master (at 731c555) deployed as release 20150401141104 by aleksandrleontev
