/home/ubuntu/.rvm/rubies/ruby-2.2.1/bin/ruby -r ./siteconf20150330-22591-vfyum9.rb extconf.rb 
checking for ruby/thread.h... yes
checking for rb_thread_call_without_gvl() in ruby/thread.h... yes
checking for rb_thread_blocking_region()... no
checking for rb_wait_for_single_fd()... yes
checking for rb_hash_dup()... yes
checking for rb_intern3()... yes
-----
Using mysql_config at /usr/bin/mysql_config
-----
checking for mysql.h... yes
checking for errmsg.h... yes
checking for mysqld_error.h... yes
-----
Setting libpath to /usr/lib/x86_64-linux-gnu
-----
creating Makefile

make "DESTDIR=" clean

make "DESTDIR="
compiling infile.c
compiling mysql2_ext.c
compiling client.c
compiling result.c
result.c: In function ‘msec_char_to_uint’:
result.c:186:17: warning: comparison between signed and unsigned integer expressions [-Wsign-compare]
linking shared-object mysql2/mysql2.so

make "DESTDIR=" install
/usr/bin/install -m 0755 mysql2.so ./.gem.20150330-22591-9o3ggz/mysql2
