/home/ubuntu/.rvm/rubies/ruby-2.1.0/bin/ruby extconf.rb
checking for ffi_call() in -lffi... yes
checking for ffi_prep_closure()... yes
checking for ffi_raw_call()... yes
checking for ffi_prep_raw_closure()... yes
checking for rb_thread_blocking_region()... yes
checking for rb_thread_call_with_gvl()... yes
checking for rb_thread_call_without_gvl()... yes
checking for ffi_prep_cif_var()... yes
creating extconf.h
creating Makefile

make "DESTDIR=" clean

make "DESTDIR="
compiling MappedType.c
compiling Pointer.c
compiling Buffer.c
compiling LongDouble.c
compiling Variadic.c
compiling Thread.c
compiling MethodHandle.c
compiling ClosurePool.c
compiling Function.c
Function.c: In function ‘callback_invoke’:
Function.c:479:9: warning: passing argument 1 of ‘rb_thread_call_with_gvl’ from incompatible pointer type [enabled by default]
Function.c:102:14: note: expected ‘void * (*)(void *)’ but argument is of type ‘VALUE (*)(void *)’
compiling Types.c
compiling DynamicLibrary.c
compiling AbstractMemory.c
compiling ArrayType.c
compiling StructByValue.c
compiling StructByReference.c
compiling ffi.c
compiling Call.c
compiling FunctionInfo.c
compiling StructLayout.c
compiling DataConverter.c
compiling MemoryPointer.c
compiling Type.c
compiling Struct.c
compiling Platform.c
compiling LastError.c
linking shared-object ffi_c.so

make "DESTDIR=" install
/usr/bin/install -m 0755 ffi_c.so ./.gem.20140310-19232-2tnchg
installing default ffi_c libraries
