have_header: checking for libkern/OSAtomic.h... -------------------- no

"gcc -o conftest -I/home/ubuntu/.rvm/rubies/ruby-2.1.1/include/ruby-2.1.0/x86_64-linux -I/home/ubuntu/.rvm/rubies/ruby-2.1.1/include/ruby-2.1.0/ruby/backward -I/home/ubuntu/.rvm/rubies/ruby-2.1.1/include/ruby-2.1.0 -I.     -O3 -fno-fast-math -ggdb3 -Wall -Wextra -Wno-unused-parameter -Wno-parentheses -Wno-long-long -Wno-missing-field-initializers -Wunused-variable -Wpointer-arith -Wwrite-strings -Wdeclaration-after-statement -Wimplicit-function-declaration  -fPIC conftest.c  -L. -L/home/ubuntu/.rvm/rubies/ruby-2.1.1/lib -Wl,-R/home/ubuntu/.rvm/rubies/ruby-2.1.1/lib -L. -fstack-protector -rdynamic -Wl,-export-dynamic     -Wl,-R -Wl,/home/ubuntu/.rvm/rubies/ruby-2.1.1/lib -L/home/ubuntu/.rvm/rubies/ruby-2.1.1/lib -lruby  -lpthread -lrt -ldl -lcrypt -lm   -lc"
checked program was:
/* begin */
1: #include "ruby.h"
2: 
3: int main(int argc, char **argv)
4: {
5:   return 0;
6: }
/* end */

"gcc -E -I/home/ubuntu/.rvm/rubies/ruby-2.1.1/include/ruby-2.1.0/x86_64-linux -I/home/ubuntu/.rvm/rubies/ruby-2.1.1/include/ruby-2.1.0/ruby/backward -I/home/ubuntu/.rvm/rubies/ruby-2.1.1/include/ruby-2.1.0 -I.     -O3 -fno-fast-math -ggdb3 -Wall -Wextra -Wno-unused-parameter -Wno-parentheses -Wno-long-long -Wno-missing-field-initializers -Wunused-variable -Wpointer-arith -Wwrite-strings -Wdeclaration-after-statement -Wimplicit-function-declaration  -fPIC  conftest.c -o conftest.i"
conftest.c:3:30: fatal error: libkern/OSAtomic.h: No such file or directory
compilation terminated.
checked program was:
/* begin */
1: #include "ruby.h"
2: 
3: #include <libkern/OSAtomic.h>
/* end */

--------------------

"gcc -o conftest -I/home/ubuntu/.rvm/rubies/ruby-2.1.1/include/ruby-2.1.0/x86_64-linux -I/home/ubuntu/.rvm/rubies/ruby-2.1.1/include/ruby-2.1.0/ruby/backward -I/home/ubuntu/.rvm/rubies/ruby-2.1.1/include/ruby-2.1.0 -I.     -O3 -fno-fast-math -ggdb3 -Wall -Wextra -Wno-unused-parameter -Wno-parentheses -Wno-long-long -Wno-missing-field-initializers -Wunused-variable -Wpointer-arith -Wwrite-strings -Wdeclaration-after-statement -Wimplicit-function-declaration  -fPIC conftest.c  -L. -L/home/ubuntu/.rvm/rubies/ruby-2.1.1/lib -Wl,-R/home/ubuntu/.rvm/rubies/ruby-2.1.1/lib -L. -fstack-protector -rdynamic -Wl,-export-dynamic     -Wl,-R -Wl,/home/ubuntu/.rvm/rubies/ruby-2.1.1/lib -L/home/ubuntu/.rvm/rubies/ruby-2.1.1/lib -lruby  -O3 -fno-fast-math -ggdb3 -Wall -Wextra -Wno-unused-parameter -Wno-parentheses -Wno-long-long -Wno-missing-field-initializers -Wunused-variable -Wpointer-arith -Wwrite-strings -Wdeclaration-after-statement -Wimplicit-function-declaration  -fPIC -lpthread -lrt -ldl -lcrypt -lm   -lc"
checked program was:
/* begin */
1: #include "ruby.h"
2: 
3: int main() {
4:   int i = 1;
5:   __sync_bool_compare_and_swap(&i, 1, 4);
6:   return (i != 4);
7: }
/* end */

./conftest
