  [1m[36mPassport Load (0.4ms)[0m  [1mSELECT `passports`.* FROM `passports` WHERE (`passports`.`expires_on` BETWEEN '2014-06-29 14:48:03' AND '2014-08-29 14:48:03')[0m
  [1m[35m (0.4ms)[0m  SELECT COUNT(*) FROM `passports` WHERE (`passports`.`expires_on` BETWEEN '2014-06-29 14:48:03' AND '2014-08-29 14:48:03')
  [1m[36mVisa Load (0.4ms)[0m  [1mSELECT `visas`.* FROM `visas` WHERE (`visas`.`expires_on` BETWEEN '2014-06-29 14:48:03' AND '2014-08-29 14:48:03')[0m
  [1m[35m (0.6ms)[0m  SELECT COUNT(*) FROM `visas` WHERE (`visas`.`expires_on` BETWEEN '2014-06-29 14:48:03' AND '2014-08-29 14:48:03')
  [1m[36mVisa Load (0.7ms)[0m  [1mSELECT `visas`.* FROM `visas` WHERE (`visas`.`expires_on` BETWEEN '2014-06-29 14:48:03' AND '2014-08-29 14:48:03') ORDER BY `visas`.`id` ASC LIMIT 1[0m
  [1m[35mVisa Load (0.7ms)[0m  SELECT `visas`.* FROM `visas` WHERE (`visas`.`expires_on` BETWEEN '2014-06-29 14:48:03' AND '2014-08-29 14:48:03') ORDER BY `visas`.`id` ASC LIMIT 1
  [1m[36mCronVisa Load (0.5ms)[0m  [1mSELECT `cron_visas`.* FROM `cron_visas` WHERE `cron_visas`.`visa_id` = 134 LIMIT 1[0m
  [1m[35mVisa Load (0.7ms)[0m  SELECT `visas`.* FROM `visas` WHERE (`visas`.`expires_on` BETWEEN '2014-06-29 14:48:03' AND '2014-08-29 14:48:03') ORDER BY `visas`.`id` ASC LIMIT 1
  [1m[36mCronVisa Load (0.3ms)[0m  [1mSELECT `cron_visas`.* FROM `cron_visas` WHERE `cron_visas`.`visa_id` = 134 LIMIT 1[0m
  [1m[36mCountry Load (1.3ms)[0m  [1mSELECT `countries`.* FROM `countries`[0m
  [1m[35mCountry Load (0.5ms)[0m  SELECT `countries`.* FROM `countries` WHERE `countries`.`code` = '(5' ORDER BY `countries`.`id` ASC LIMIT 1
  [1m[36m (0.1ms)[0m  [1mBEGIN[0m
  [1m[35mSQL (0.3ms)[0m  UPDATE `countries` SET `code` = 'mk' WHERE `countries`.`id` = 82
  [1m[36m (6.9ms)[0m  [1mCOMMIT[0m
  [1m[35mCountry Load (1.1ms)[0m  SELECT `countries`.* FROM `countries`
  [1m[36mCountry Load (0.6ms)[0m  [1mSELECT `countries`.* FROM `countries` WHERE `countries`.`code` = 'el' ORDER BY `countries`.`id` ASC LIMIT 1[0m
  [1m[35m (0.1ms)[0m  BEGIN
  [1m[36mSQL (0.3ms)[0m  [1mUPDATE `countries` SET `code` = 'gr' WHERE `countries`.`id` = 93[0m
  [1m[35m (3.9ms)[0m  COMMIT
  [1m[36mCountry Load (1.0ms)[0m  [1mSELECT `countries`.* FROM `countries`[0m
  [1m[35mCountry Load (0.4ms)[0m  SELECT `countries`.* FROM `countries` WHERE `countries`.`code` = 'af' ORDER BY `countries`.`id` ASC LIMIT 1
