=== puma startup: 2014-02-08 16:16:47 +0000 ===
=== puma startup: 2014-02-08 16:21:14 +0000 ===
=== puma startup: 2014-02-08 17:57:21 +0000 ===
=== puma startup: 2014-02-11 15:27:26 +0000 ===
=== puma startup: 2014-02-13 13:58:08 +0000 ===
=== puma startup: 2014-02-20 19:37:30 +0000 ===
=== puma startup: 2014-02-27 18:54:49 +0000 ===
=== puma startup: 2014-02-28 09:00:44 +0000 ===
=== puma startup: 2014-03-04 14:46:39 +0000 ===
=== puma startup: 2014-03-05 12:23:10 +0000 ===
=== puma startup: 2014-03-05 14:11:06 +0000 ===
=== puma startup: 2014-03-06 14:07:54 +0000 ===
=== puma startup: 2014-03-06 14:39:21 +0000 ===
=== puma startup: 2014-03-06 14:40:18 +0000 ===
=== puma startup: 2014-03-06 15:43:06 +0000 ===
=== puma startup: 2014-03-07 06:34:17 +0000 ===
=== puma startup: 2014-03-07 06:36:52 +0000 ===
=== puma startup: 2014-03-07 07:49:37 +0000 ===
=== puma startup: 2014-03-07 07:54:40 +0000 ===
=== puma startup: 2014-03-07 08:03:14 +0000 ===
=== puma startup: 2014-03-07 08:04:37 +0000 ===
=== puma startup: 2014-03-07 08:07:18 +0000 ===
=== puma startup: 2014-03-07 08:14:46 +0000 ===
=== puma startup: 2014-03-07 08:24:54 +0000 ===
=== puma startup: 2014-03-07 08:47:24 +0000 ===
=== puma startup: 2014-03-07 09:00:24 +0000 ===
=== puma startup: 2014-03-07 09:51:16 +0000 ===
=== puma startup: 2014-03-07 10:01:17 +0000 ===
=== puma startup: 2014-03-07 11:26:01 +0000 ===
=== puma startup: 2014-03-10 08:03:03 +0000 ===
=== puma startup: 2014-03-10 12:35:11 +0000 ===
=== puma startup: 2014-03-10 13:08:22 +0000 ===
=== puma startup: 2014-03-11 11:58:16 +0000 ===
=== puma startup: 2014-03-11 14:35:56 +0000 ===
=== puma startup: 2014-03-11 14:39:04 +0000 ===
=== puma startup: 2014-03-11 14:57:42 +0000 ===
=== puma startup: 2014-03-12 07:57:43 +0000 ===
=== puma startup: 2014-03-12 08:52:12 +0000 ===
=== puma startup: 2014-03-12 11:17:15 +0000 ===
=== puma startup: 2014-03-12 11:27:15 +0000 ===
=== puma startup: 2014-03-12 11:36:31 +0000 ===
=== puma startup: 2014-03-12 11:41:24 +0000 ===
=== puma startup: 2014-03-13 14:57:28 +0000 ===
=== puma startup: 2014-03-14 13:10:42 +0000 ===
=== puma startup: 2014-03-14 13:14:26 +0000 ===
=== puma startup: 2014-03-14 13:19:25 +0000 ===
=== puma startup: 2014-03-14 13:31:06 +0000 ===
X-Accel-Mapping header missing
X-Accel-Mapping header missing
X-Accel-Mapping header missing
X-Accel-Mapping header missing
X-Accel-Mapping header missing
X-Accel-Mapping header missing
X-Accel-Mapping header missing
X-Accel-Mapping header missing
X-Accel-Mapping header missing
=== puma startup: 2014-03-14 13:34:06 +0000 ===
=== puma startup: 2014-03-14 13:57:49 +0000 ===
=== puma startup: 2014-03-14 19:57:09 +0000 ===
=== puma startup: 2014-03-16 08:34:06 +0000 ===
=== puma startup: 2014-03-16 08:48:24 +0000 ===
=== puma startup: 2014-03-17 08:45:03 +0000 ===
=== puma startup: 2014-03-17 08:55:39 +0000 ===
=== puma startup: 2014-03-17 09:01:03 +0000 ===
=== puma startup: 2014-03-17 09:48:08 +0000 ===
=== puma startup: 2014-03-17 10:06:02 +0000 ===
=== puma startup: 2014-03-17 10:12:05 +0000 ===
=== puma startup: 2014-03-17 10:27:48 +0000 ===
=== puma startup: 2014-03-17 10:52:46 +0000 ===
=== puma startup: 2014-03-17 11:09:27 +0000 ===
=== puma startup: 2014-03-17 11:13:03 +0000 ===
=== puma startup: 2014-03-17 11:54:45 +0000 ===
=== puma startup: 2014-03-17 12:15:13 +0000 ===
=== puma startup: 2014-03-17 12:47:26 +0000 ===
=== puma startup: 2014-03-17 13:08:45 +0000 ===
=== puma startup: 2014-03-17 14:33:59 +0000 ===
=== puma startup: 2014-03-17 14:50:36 +0000 ===
=== puma startup: 2014-03-17 17:07:58 +0000 ===
=== puma startup: 2014-03-17 17:38:14 +0000 ===
=== puma startup: 2014-03-17 17:48:56 +0000 ===
=== puma startup: 2014-03-17 18:26:01 +0000 ===
=== puma startup: 2014-03-18 11:39:23 +0000 ===
=== puma startup: 2014-03-18 11:44:21 +0000 ===
=== puma startup: 2014-03-18 12:13:23 +0000 ===
=== puma startup: 2014-03-21 12:56:27 +0000 ===
=== puma startup: 2014-03-21 13:00:11 +0000 ===
=== puma startup: 2014-03-21 13:36:41 +0000 ===
=== puma startup: 2014-03-24 07:51:21 +0000 ===
=== puma startup: 2014-03-24 14:07:57 +0000 ===
=== puma startup: 2014-03-25 05:37:47 +0000 ===
=== puma startup: 2014-03-25 07:34:56 +0000 ===
=== puma startup: 2014-03-25 10:20:21 +0000 ===
=== puma startup: 2014-03-28 14:15:17 +0000 ===
2014-03-29 09:01:43 +0000: Rack app error: #<ActionController::UnknownHttpMethod: XGET, accepted HTTP methods are OPTIONS, GET, HEAD, POST, PUT, DELETE, TRACE, CONNECT, PROPFIND, PROPPATCH, MKCOL, COPY, MOVE, LOCK, UNLOCK, VERSION-CONTROL, REPORT, CHECKOUT, CHECKIN, UNCHECKOUT, MKWORKSPACE, UPDATE, LABEL, MERGE, BASELINE-CONTROL, MKACTIVITY, ORDERPATCH, ACL, SEARCH, and PATCH>
/home/ubuntu/travel-link/shared/bundle/ruby/2.1.0/gems/actionpack-4.0.3/lib/action_dispatch/http/request.rb:327:in `check_method'
/home/ubuntu/travel-link/shared/bundle/ruby/2.1.0/gems/actionpack-4.0.3/lib/action_dispatch/http/request.rb:92:in `request_method'
/home/ubuntu/travel-link/shared/bundle/ruby/2.1.0/gems/railties-4.0.3/lib/rails/rack/logger.rb:51:in `started_request_message'
/home/ubuntu/travel-link/shared/bundle/ruby/2.1.0/gems/railties-4.0.3/lib/rails/rack/logger.rb:37:in `call_app'
/home/ubuntu/travel-link/shared/bundle/ruby/2.1.0/gems/railties-4.0.3/lib/rails/rack/logger.rb:20:in `block in call'
/home/ubuntu/travel-link/shared/bundle/ruby/2.1.0/gems/activesupport-4.0.3/lib/active_support/tagged_logging.rb:67:in `block in tagged'
/home/ubuntu/travel-link/shared/bundle/ruby/2.1.0/gems/activesupport-4.0.3/lib/active_support/tagged_logging.rb:25:in `tagged'
/home/ubuntu/travel-link/shared/bundle/ruby/2.1.0/gems/activesupport-4.0.3/lib/active_support/tagged_logging.rb:67:in `tagged'
/home/ubuntu/travel-link/shared/bundle/ruby/2.1.0/gems/railties-4.0.3/lib/rails/rack/logger.rb:20:in `call'
/home/ubuntu/travel-link/shared/bundle/ruby/2.1.0/gems/actionpack-4.0.3/lib/action_dispatch/middleware/request_id.rb:21:in `call'
/home/ubuntu/travel-link/shared/bundle/ruby/2.1.0/gems/rack-1.5.2/lib/rack/methodoverride.rb:21:in `call'
/home/ubuntu/travel-link/shared/bundle/ruby/2.1.0/gems/rack-1.5.2/lib/rack/runtime.rb:17:in `call'
/home/ubuntu/travel-link/shared/bundle/ruby/2.1.0/gems/activesupport-4.0.3/lib/active_support/cache/strategy/local_cache.rb:83:in `call'
/home/ubuntu/travel-link/shared/bundle/ruby/2.1.0/gems/actionpack-4.0.3/lib/action_dispatch/middleware/static.rb:64:in `call'
/home/ubuntu/travel-link/shared/bundle/ruby/2.1.0/gems/rack-1.5.2/lib/rack/sendfile.rb:112:in `call'
/home/ubuntu/travel-link/shared/bundle/ruby/2.1.0/gems/railties-4.0.3/lib/rails/engine.rb:511:in `call'
/home/ubuntu/travel-link/shared/bundle/ruby/2.1.0/gems/railties-4.0.3/lib/rails/application.rb:97:in `call'
/home/ubuntu/travel-link/shared/bundle/ruby/2.1.0/gems/puma-2.8.1/lib/puma/configuration.rb:71:in `call'
/home/ubuntu/travel-link/shared/bundle/ruby/2.1.0/gems/puma-2.8.1/lib/puma/server.rb:490:in `handle_request'
/home/ubuntu/travel-link/shared/bundle/ruby/2.1.0/gems/puma-2.8.1/lib/puma/server.rb:361:in `process_client'
/home/ubuntu/travel-link/shared/bundle/ruby/2.1.0/gems/puma-2.8.1/lib/puma/server.rb:254:in `block in run'
/home/ubuntu/travel-link/shared/bundle/ruby/2.1.0/gems/puma-2.8.1/lib/puma/thread_pool.rb:92:in `call'
/home/ubuntu/travel-link/shared/bundle/ruby/2.1.0/gems/puma-2.8.1/lib/puma/thread_pool.rb:92:in `block in spawn_thread'
2014-03-29 09:01:44 +0000: Rack app error: #<ActionController::UnknownHttpMethod: XGET, accepted HTTP methods are OPTIONS, GET, HEAD, POST, PUT, DELETE, TRACE, CONNECT, PROPFIND, PROPPATCH, MKCOL, COPY, MOVE, LOCK, UNLOCK, VERSION-CONTROL, REPORT, CHECKOUT, CHECKIN, UNCHECKOUT, MKWORKSPACE, UPDATE, LABEL, MERGE, BASELINE-CONTROL, MKACTIVITY, ORDERPATCH, ACL, SEARCH, and PATCH>
/home/ubuntu/travel-link/shared/bundle/ruby/2.1.0/gems/actionpack-4.0.3/lib/action_dispatch/http/request.rb:327:in `check_method'
/home/ubuntu/travel-link/shared/bundle/ruby/2.1.0/gems/actionpack-4.0.3/lib/action_dispatch/http/request.rb:92:in `request_method'
/home/ubuntu/travel-link/shared/bundle/ruby/2.1.0/gems/railties-4.0.3/lib/rails/rack/logger.rb:51:in `started_request_message'
/home/ubuntu/travel-link/shared/bundle/ruby/2.1.0/gems/railties-4.0.3/lib/rails/rack/logger.rb:37:in `call_app'
/home/ubuntu/travel-link/shared/bundle/ruby/2.1.0/gems/railties-4.0.3/lib/rails/rack/logger.rb:20:in `block in call'
/home/ubuntu/travel-link/shared/bundle/ruby/2.1.0/gems/activesupport-4.0.3/lib/active_support/tagged_logging.rb:67:in `block in tagged'
/home/ubuntu/travel-link/shared/bundle/ruby/2.1.0/gems/activesupport-4.0.3/lib/active_support/tagged_logging.rb:25:in `tagged'
/home/ubuntu/travel-link/shared/bundle/ruby/2.1.0/gems/activesupport-4.0.3/lib/active_support/tagged_logging.rb:67:in `tagged'
/home/ubuntu/travel-link/shared/bundle/ruby/2.1.0/gems/railties-4.0.3/lib/rails/rack/logger.rb:20:in `call'
/home/ubuntu/travel-link/shared/bundle/ruby/2.1.0/gems/actionpack-4.0.3/lib/action_dispatch/middleware/request_id.rb:21:in `call'
/home/ubuntu/travel-link/shared/bundle/ruby/2.1.0/gems/rack-1.5.2/lib/rack/methodoverride.rb:21:in `call'
/home/ubuntu/travel-link/shared/bundle/ruby/2.1.0/gems/rack-1.5.2/lib/rack/runtime.rb:17:in `call'
/home/ubuntu/travel-link/shared/bundle/ruby/2.1.0/gems/activesupport-4.0.3/lib/active_support/cache/strategy/local_cache.rb:83:in `call'
/home/ubuntu/travel-link/shared/bundle/ruby/2.1.0/gems/actionpack-4.0.3/lib/action_dispatch/middleware/static.rb:64:in `call'
/home/ubuntu/travel-link/shared/bundle/ruby/2.1.0/gems/rack-1.5.2/lib/rack/sendfile.rb:112:in `call'
/home/ubuntu/travel-link/shared/bundle/ruby/2.1.0/gems/railties-4.0.3/lib/rails/engine.rb:511:in `call'
/home/ubuntu/travel-link/shared/bundle/ruby/2.1.0/gems/railties-4.0.3/lib/rails/application.rb:97:in `call'
/home/ubuntu/travel-link/shared/bundle/ruby/2.1.0/gems/puma-2.8.1/lib/puma/configuration.rb:71:in `call'
/home/ubuntu/travel-link/shared/bundle/ruby/2.1.0/gems/puma-2.8.1/lib/puma/server.rb:490:in `handle_request'
/home/ubuntu/travel-link/shared/bundle/ruby/2.1.0/gems/puma-2.8.1/lib/puma/server.rb:361:in `process_client'
/home/ubuntu/travel-link/shared/bundle/ruby/2.1.0/gems/puma-2.8.1/lib/puma/server.rb:254:in `block in run'
/home/ubuntu/travel-link/shared/bundle/ruby/2.1.0/gems/puma-2.8.1/lib/puma/thread_pool.rb:92:in `call'
/home/ubuntu/travel-link/shared/bundle/ruby/2.1.0/gems/puma-2.8.1/lib/puma/thread_pool.rb:92:in `block in spawn_thread'
=== puma startup: 2014-03-30 16:31:28 +0000 ===
=== puma startup: 2014-04-01 08:44:19 +0000 ===
=== puma startup: 2014-04-01 10:30:51 +0000 ===
=== puma startup: 2014-04-01 10:32:49 +0000 ===
=== puma startup: 2014-04-01 11:30:49 +0000 ===
=== puma startup: 2014-04-02 13:35:49 +0000 ===
=== puma startup: 2014-04-03 15:06:40 +0000 ===
=== puma startup: 2014-04-03 15:12:48 +0000 ===
=== puma startup: 2014-04-04 14:13:18 +0000 ===
=== puma startup: 2014-04-04 14:45:51 +0000 ===
/home/ubuntu/.rvm/gems/ruby-2.1.0@global/gems/bundler-1.5.3/lib/bundler/spec_set.rb:92:in `block in materialize': Could not find psych-2.0.3 in any of the sources (Bundler::GemNotFound)
	from /home/ubuntu/.rvm/gems/ruby-2.1.0@global/gems/bundler-1.5.3/lib/bundler/spec_set.rb:85:in `map!'
	from /home/ubuntu/.rvm/gems/ruby-2.1.0@global/gems/bundler-1.5.3/lib/bundler/spec_set.rb:85:in `materialize'
	from /home/ubuntu/.rvm/gems/ruby-2.1.0@global/gems/bundler-1.5.3/lib/bundler/definition.rb:133:in `specs'
	from /home/ubuntu/.rvm/gems/ruby-2.1.0@global/gems/bundler-1.5.3/lib/bundler/definition.rb:178:in `specs_for'
	from /home/ubuntu/.rvm/gems/ruby-2.1.0@global/gems/bundler-1.5.3/lib/bundler/definition.rb:167:in `requested_specs'
	from /home/ubuntu/.rvm/gems/ruby-2.1.0@global/gems/bundler-1.5.3/lib/bundler/environment.rb:18:in `requested_specs'
	from /home/ubuntu/.rvm/gems/ruby-2.1.0@global/gems/bundler-1.5.3/lib/bundler/runtime.rb:13:in `setup'
	from /home/ubuntu/.rvm/gems/ruby-2.1.0@global/gems/bundler-1.5.3/lib/bundler.rb:119:in `setup'
	from /home/ubuntu/.rvm/gems/ruby-2.1.0@global/gems/bundler-1.5.3/lib/bundler/setup.rb:17:in `<top (required)>'
	from /home/ubuntu/.rvm/rubies/ruby-2.1.0/lib/ruby/site_ruby/2.1.0/rubygems/core_ext/kernel_require.rb:55:in `require'
	from /home/ubuntu/.rvm/rubies/ruby-2.1.0/lib/ruby/site_ruby/2.1.0/rubygems/core_ext/kernel_require.rb:55:in `require'
=== puma startup: 2014-04-09 13:12:39 +0000 ===

  [33mSafeYAML Warning[39m
  [33m----------------[39m

  [31mYou appear to have an outdated version of libyaml (0.1.4) installed on your system.[39m

  Prior to 0.1.6, libyaml is vulnerable to a heap overflow exploit from malicious YAML payloads.

  For more info, see:
  https://www.ruby-lang.org/en/news/2014/03/29/heap-overflow-in-yaml-uri-escape-parsing-cve-2014-2525/

  The easiest thing to do right now is probably to update Psych to the latest version and enable
  the 'bundled-libyaml' option, which will install a vendored libyaml with the vulnerability patched:

  [32mgem install psych -- --enable-bundled-libyaml[39m

=== puma startup: 2014-04-09 14:01:49 +0000 ===

  [33mSafeYAML Warning[39m
  [33m----------------[39m

  [31mYou appear to have an outdated version of libyaml (0.1.4) installed on your system.[39m

  Prior to 0.1.6, libyaml is vulnerable to a heap overflow exploit from malicious YAML payloads.

  For more info, see:
  https://www.ruby-lang.org/en/news/2014/03/29/heap-overflow-in-yaml-uri-escape-parsing-cve-2014-2525/

  The easiest thing to do right now is probably to update Psych to the latest version and enable
  the 'bundled-libyaml' option, which will install a vendored libyaml with the vulnerability patched:

  [32mgem install psych -- --enable-bundled-libyaml[39m

=== puma startup: 2014-04-10 07:36:18 +0000 ===

  [33mSafeYAML Warning[39m
  [33m----------------[39m

  [31mYou appear to have an outdated version of libyaml (0.1.4) installed on your system.[39m

  Prior to 0.1.6, libyaml is vulnerable to a heap overflow exploit from malicious YAML payloads.

  For more info, see:
  https://www.ruby-lang.org/en/news/2014/03/29/heap-overflow-in-yaml-uri-escape-parsing-cve-2014-2525/

  The easiest thing to do right now is probably to update Psych to the latest version and enable
  the 'bundled-libyaml' option, which will install a vendored libyaml with the vulnerability patched:

  [32mgem install psych -- --enable-bundled-libyaml[39m

=== puma startup: 2014-04-11 12:21:11 +0000 ===

  [33mSafeYAML Warning[39m
  [33m----------------[39m

  [31mYou appear to have an outdated version of libyaml (0.1.4) installed on your system.[39m

  Prior to 0.1.6, libyaml is vulnerable to a heap overflow exploit from malicious YAML payloads.

  For more info, see:
  https://www.ruby-lang.org/en/news/2014/03/29/heap-overflow-in-yaml-uri-escape-parsing-cve-2014-2525/

  The easiest thing to do right now is probably to update Psych to the latest version and enable
  the 'bundled-libyaml' option, which will install a vendored libyaml with the vulnerability patched:

  [32mgem install psych -- --enable-bundled-libyaml[39m

=== puma startup: 2014-04-11 12:27:06 +0000 ===

  [33mSafeYAML Warning[39m
  [33m----------------[39m

  [31mYou appear to have an outdated version of libyaml (0.1.4) installed on your system.[39m

  Prior to 0.1.6, libyaml is vulnerable to a heap overflow exploit from malicious YAML payloads.

  For more info, see:
  https://www.ruby-lang.org/en/news/2014/03/29/heap-overflow-in-yaml-uri-escape-parsing-cve-2014-2525/

  The easiest thing to do right now is probably to update Psych to the latest version and enable
  the 'bundled-libyaml' option, which will install a vendored libyaml with the vulnerability patched:

  [32mgem install psych -- --enable-bundled-libyaml[39m

=== puma startup: 2014-04-11 12:46:59 +0000 ===

  [33mSafeYAML Warning[39m
  [33m----------------[39m

  [31mYou appear to have an outdated version of libyaml (0.1.4) installed on your system.[39m

  Prior to 0.1.6, libyaml is vulnerable to a heap overflow exploit from malicious YAML payloads.

  For more info, see:
  https://www.ruby-lang.org/en/news/2014/03/29/heap-overflow-in-yaml-uri-escape-parsing-cve-2014-2525/

  The easiest thing to do right now is probably to update Psych to the latest version and enable
  the 'bundled-libyaml' option, which will install a vendored libyaml with the vulnerability patched:

  [32mgem install psych -- --enable-bundled-libyaml[39m

=== puma startup: 2014-04-16 12:49:13 +0000 ===
2014-04-24 08:49:10 +0000: Rack app error: #<ActionController::UnknownHttpMethod: XGET, accepted HTTP methods are OPTIONS, GET, HEAD, POST, PUT, DELETE, TRACE, CONNECT, PROPFIND, PROPPATCH, MKCOL, COPY, MOVE, LOCK, UNLOCK, VERSION-CONTROL, REPORT, CHECKOUT, CHECKIN, UNCHECKOUT, MKWORKSPACE, UPDATE, LABEL, MERGE, BASELINE-CONTROL, MKACTIVITY, ORDERPATCH, ACL, SEARCH, and PATCH>
/home/ubuntu/travel-link/shared/bundle/ruby/2.1.0/gems/actionpack-4.0.3/lib/action_dispatch/http/request.rb:327:in `check_method'
/home/ubuntu/travel-link/shared/bundle/ruby/2.1.0/gems/actionpack-4.0.3/lib/action_dispatch/http/request.rb:92:in `request_method'
/home/ubuntu/travel-link/shared/bundle/ruby/2.1.0/gems/railties-4.0.3/lib/rails/rack/logger.rb:51:in `started_request_message'
/home/ubuntu/travel-link/shared/bundle/ruby/2.1.0/gems/railties-4.0.3/lib/rails/rack/logger.rb:37:in `call_app'
/home/ubuntu/travel-link/shared/bundle/ruby/2.1.0/gems/railties-4.0.3/lib/rails/rack/logger.rb:20:in `block in call'
/home/ubuntu/travel-link/shared/bundle/ruby/2.1.0/gems/activesupport-4.0.3/lib/active_support/tagged_logging.rb:67:in `block in tagged'
/home/ubuntu/travel-link/shared/bundle/ruby/2.1.0/gems/activesupport-4.0.3/lib/active_support/tagged_logging.rb:25:in `tagged'
/home/ubuntu/travel-link/shared/bundle/ruby/2.1.0/gems/activesupport-4.0.3/lib/active_support/tagged_logging.rb:67:in `tagged'
/home/ubuntu/travel-link/shared/bundle/ruby/2.1.0/gems/railties-4.0.3/lib/rails/rack/logger.rb:20:in `call'
/home/ubuntu/travel-link/shared/bundle/ruby/2.1.0/gems/actionpack-4.0.3/lib/action_dispatch/middleware/request_id.rb:21:in `call'
/home/ubuntu/travel-link/shared/bundle/ruby/2.1.0/gems/rack-1.5.2/lib/rack/methodoverride.rb:21:in `call'
/home/ubuntu/travel-link/shared/bundle/ruby/2.1.0/gems/rack-1.5.2/lib/rack/runtime.rb:17:in `call'
/home/ubuntu/travel-link/shared/bundle/ruby/2.1.0/gems/activesupport-4.0.3/lib/active_support/cache/strategy/local_cache.rb:83:in `call'
/home/ubuntu/travel-link/shared/bundle/ruby/2.1.0/gems/actionpack-4.0.3/lib/action_dispatch/middleware/static.rb:64:in `call'
/home/ubuntu/travel-link/shared/bundle/ruby/2.1.0/gems/rack-1.5.2/lib/rack/sendfile.rb:112:in `call'
/home/ubuntu/travel-link/shared/bundle/ruby/2.1.0/gems/railties-4.0.3/lib/rails/engine.rb:511:in `call'
/home/ubuntu/travel-link/shared/bundle/ruby/2.1.0/gems/railties-4.0.3/lib/rails/application.rb:97:in `call'
/home/ubuntu/travel-link/shared/bundle/ruby/2.1.0/gems/puma-2.8.1/lib/puma/configuration.rb:71:in `call'
/home/ubuntu/travel-link/shared/bundle/ruby/2.1.0/gems/puma-2.8.1/lib/puma/server.rb:490:in `handle_request'
/home/ubuntu/travel-link/shared/bundle/ruby/2.1.0/gems/puma-2.8.1/lib/puma/server.rb:361:in `process_client'
/home/ubuntu/travel-link/shared/bundle/ruby/2.1.0/gems/puma-2.8.1/lib/puma/server.rb:254:in `block in run'
/home/ubuntu/travel-link/shared/bundle/ruby/2.1.0/gems/puma-2.8.1/lib/puma/thread_pool.rb:92:in `call'
/home/ubuntu/travel-link/shared/bundle/ruby/2.1.0/gems/puma-2.8.1/lib/puma/thread_pool.rb:92:in `block in spawn_thread'

  [33mSafeYAML Warning[39m
  [33m----------------[39m

  [31mYou appear to have an outdated version of libyaml (0.1.4) installed on your system.[39m

  Prior to 0.1.6, libyaml is vulnerable to a heap overflow exploit from malicious YAML payloads.

  For more info, see:
  https://www.ruby-lang.org/en/news/2014/03/29/heap-overflow-in-yaml-uri-escape-parsing-cve-2014-2525/

  The easiest thing to do right now is probably to update Psych to the latest version and enable
  the 'bundled-libyaml' option, which will install a vendored libyaml with the vulnerability patched:

  [32mgem install psych -- --enable-bundled-libyaml[39m

=== puma startup: 2014-04-24 13:40:07 +0000 ===

  [33mSafeYAML Warning[39m
  [33m----------------[39m

  [31mYou appear to have an outdated version of libyaml (0.1.4) installed on your system.[39m

  Prior to 0.1.6, libyaml is vulnerable to a heap overflow exploit from malicious YAML payloads.

  For more info, see:
  https://www.ruby-lang.org/en/news/2014/03/29/heap-overflow-in-yaml-uri-escape-parsing-cve-2014-2525/

  The easiest thing to do right now is probably to update Psych to the latest version and enable
  the 'bundled-libyaml' option, which will install a vendored libyaml with the vulnerability patched:

  [32mgem install psych -- --enable-bundled-libyaml[39m

=== puma startup: 2014-04-24 14:08:17 +0000 ===

  [33mSafeYAML Warning[39m
  [33m----------------[39m

  [31mYou appear to have an outdated version of libyaml (0.1.4) installed on your system.[39m

  Prior to 0.1.6, libyaml is vulnerable to a heap overflow exploit from malicious YAML payloads.

  For more info, see:
  https://www.ruby-lang.org/en/news/2014/03/29/heap-overflow-in-yaml-uri-escape-parsing-cve-2014-2525/

  The easiest thing to do right now is probably to update Psych to the latest version and enable
  the 'bundled-libyaml' option, which will install a vendored libyaml with the vulnerability patched:

  [32mgem install psych -- --enable-bundled-libyaml[39m

=== puma startup: 2014-04-25 13:09:43 +0000 ===
=== puma startup: 2014-04-29 17:38:15 +0000 ===

  [33mSafeYAML Warning[39m
  [33m----------------[39m

  [31mYou appear to have an outdated version of libyaml (0.1.4) installed on your system.[39m

  Prior to 0.1.6, libyaml is vulnerable to a heap overflow exploit from malicious YAML payloads.

  For more info, see:
  https://www.ruby-lang.org/en/news/2014/03/29/heap-overflow-in-yaml-uri-escape-parsing-cve-2014-2525/

  The easiest thing to do right now is probably to update Psych to the latest version and enable
  the 'bundled-libyaml' option, which will install a vendored libyaml with the vulnerability patched:

  [32mgem install psych -- --enable-bundled-libyaml[39m

=== puma startup: 2014-05-05 20:08:19 +0000 ===

  [33mSafeYAML Warning[39m
  [33m----------------[39m

  [31mYou appear to have an outdated version of libyaml (0.1.4) installed on your system.[39m

  Prior to 0.1.6, libyaml is vulnerable to a heap overflow exploit from malicious YAML payloads.

  For more info, see:
  https://www.ruby-lang.org/en/news/2014/03/29/heap-overflow-in-yaml-uri-escape-parsing-cve-2014-2525/

  The easiest thing to do right now is probably to update Psych to the latest version and enable
  the 'bundled-libyaml' option, which will install a vendored libyaml with the vulnerability patched:

  [32mgem install psych -- --enable-bundled-libyaml[39m

=== puma startup: 2014-05-06 14:06:31 +0000 ===

  [33mSafeYAML Warning[39m
  [33m----------------[39m

  [31mYou appear to have an outdated version of libyaml (0.1.4) installed on your system.[39m

  Prior to 0.1.6, libyaml is vulnerable to a heap overflow exploit from malicious YAML payloads.

  For more info, see:
  https://www.ruby-lang.org/en/news/2014/03/29/heap-overflow-in-yaml-uri-escape-parsing-cve-2014-2525/

  The easiest thing to do right now is probably to update Psych to the latest version and enable
  the 'bundled-libyaml' option, which will install a vendored libyaml with the vulnerability patched:

  [32mgem install psych -- --enable-bundled-libyaml[39m

=== puma startup: 2014-05-06 14:07:43 +0000 ===

  [33mSafeYAML Warning[39m
  [33m----------------[39m

  [31mYou appear to have an outdated version of libyaml (0.1.4) installed on your system.[39m

  Prior to 0.1.6, libyaml is vulnerable to a heap overflow exploit from malicious YAML payloads.

  For more info, see:
  https://www.ruby-lang.org/en/news/2014/03/29/heap-overflow-in-yaml-uri-escape-parsing-cve-2014-2525/

  The easiest thing to do right now is probably to update Psych to the latest version and enable
  the 'bundled-libyaml' option, which will install a vendored libyaml with the vulnerability patched:

  [32mgem install psych -- --enable-bundled-libyaml[39m

=== puma startup: 2014-05-06 14:32:08 +0000 ===

  [33mSafeYAML Warning[39m
  [33m----------------[39m

  [31mYou appear to have an outdated version of libyaml (0.1.4) installed on your system.[39m

  Prior to 0.1.6, libyaml is vulnerable to a heap overflow exploit from malicious YAML payloads.

  For more info, see:
  https://www.ruby-lang.org/en/news/2014/03/29/heap-overflow-in-yaml-uri-escape-parsing-cve-2014-2525/

  The easiest thing to do right now is probably to update Psych to the latest version and enable
  the 'bundled-libyaml' option, which will install a vendored libyaml with the vulnerability patched:

  [32mgem install psych -- --enable-bundled-libyaml[39m

=== puma startup: 2014-05-07 14:19:22 +0000 ===

  [33mSafeYAML Warning[39m
  [33m----------------[39m

  [31mYou appear to have an outdated version of libyaml (0.1.4) installed on your system.[39m

  Prior to 0.1.6, libyaml is vulnerable to a heap overflow exploit from malicious YAML payloads.

  For more info, see:
  https://www.ruby-lang.org/en/news/2014/03/29/heap-overflow-in-yaml-uri-escape-parsing-cve-2014-2525/

  The easiest thing to do right now is probably to update Psych to the latest version and enable
  the 'bundled-libyaml' option, which will install a vendored libyaml with the vulnerability patched:

  [32mgem install psych -- --enable-bundled-libyaml[39m

=== puma startup: 2014-05-12 13:09:34 +0000 ===

  [33mSafeYAML Warning[39m
  [33m----------------[39m

  [31mYou appear to have an outdated version of libyaml (0.1.4) installed on your system.[39m

  Prior to 0.1.6, libyaml is vulnerable to a heap overflow exploit from malicious YAML payloads.

  For more info, see:
  https://www.ruby-lang.org/en/news/2014/03/29/heap-overflow-in-yaml-uri-escape-parsing-cve-2014-2525/

  The easiest thing to do right now is probably to update Psych to the latest version and enable
  the 'bundled-libyaml' option, which will install a vendored libyaml with the vulnerability patched:

  [32mgem install psych -- --enable-bundled-libyaml[39m

=== puma startup: 2014-05-12 13:44:27 +0000 ===

  [33mSafeYAML Warning[39m
  [33m----------------[39m

  [31mYou appear to have an outdated version of libyaml (0.1.4) installed on your system.[39m

  Prior to 0.1.6, libyaml is vulnerable to a heap overflow exploit from malicious YAML payloads.

  For more info, see:
  https://www.ruby-lang.org/en/news/2014/03/29/heap-overflow-in-yaml-uri-escape-parsing-cve-2014-2525/

  The easiest thing to do right now is probably to update Psych to the latest version and enable
  the 'bundled-libyaml' option, which will install a vendored libyaml with the vulnerability patched:

  [32mgem install psych -- --enable-bundled-libyaml[39m

=== puma startup: 2014-05-13 10:13:37 +0000 ===

  [33mSafeYAML Warning[39m
  [33m----------------[39m

  [31mYou appear to have an outdated version of libyaml (0.1.4) installed on your system.[39m

  Prior to 0.1.6, libyaml is vulnerable to a heap overflow exploit from malicious YAML payloads.

  For more info, see:
  https://www.ruby-lang.org/en/news/2014/03/29/heap-overflow-in-yaml-uri-escape-parsing-cve-2014-2525/

  The easiest thing to do right now is probably to update Psych to the latest version and enable
  the 'bundled-libyaml' option, which will install a vendored libyaml with the vulnerability patched:

  [32mgem install psych -- --enable-bundled-libyaml[39m

=== puma startup: 2014-05-13 14:40:53 +0000 ===

  [33mSafeYAML Warning[39m
  [33m----------------[39m

  [31mYou appear to have an outdated version of libyaml (0.1.4) installed on your system.[39m

  Prior to 0.1.6, libyaml is vulnerable to a heap overflow exploit from malicious YAML payloads.

  For more info, see:
  https://www.ruby-lang.org/en/news/2014/03/29/heap-overflow-in-yaml-uri-escape-parsing-cve-2014-2525/

  The easiest thing to do right now is probably to update Psych to the latest version and enable
  the 'bundled-libyaml' option, which will install a vendored libyaml with the vulnerability patched:

  [32mgem install psych -- --enable-bundled-libyaml[39m

=== puma startup: 2014-05-14 06:35:03 +0000 ===

  [33mSafeYAML Warning[39m
  [33m----------------[39m

  [31mYou appear to have an outdated version of libyaml (0.1.4) installed on your system.[39m

  Prior to 0.1.6, libyaml is vulnerable to a heap overflow exploit from malicious YAML payloads.

  For more info, see:
  https://www.ruby-lang.org/en/news/2014/03/29/heap-overflow-in-yaml-uri-escape-parsing-cve-2014-2525/

  The easiest thing to do right now is probably to update Psych to the latest version and enable
  the 'bundled-libyaml' option, which will install a vendored libyaml with the vulnerability patched:

  [32mgem install psych -- --enable-bundled-libyaml[39m

=== puma startup: 2014-05-21 11:26:39 +0000 ===
/home/ubuntu/travel-link/shared/bundle/ruby/2.1.0/gems/puma-2.8.1/lib/puma/cli.rb:440:in `exec': No such file or directory - /home/ubuntu/.rvm/rubies/ruby-2.1.1/bin/ruby (Errno::ENOENT)
	from /home/ubuntu/travel-link/shared/bundle/ruby/2.1.0/gems/puma-2.8.1/lib/puma/cli.rb:440:in `restart!'
	from /home/ubuntu/travel-link/shared/bundle/ruby/2.1.0/gems/puma-2.8.1/lib/puma/cli.rb:516:in `run'
	from /home/ubuntu/travel-link/shared/bundle/ruby/2.1.0/gems/puma-2.8.1/bin/puma:10:in `<top (required)>'
	from /home/ubuntu/travel-link/shared/bundle/ruby/2.1.0/bin/puma:23:in `load'
	from /home/ubuntu/travel-link/shared/bundle/ruby/2.1.0/bin/puma:23:in `<main>'
=== puma startup: 2014-06-11 09:00:53 +0000 ===
=== puma startup: 2014-06-11 09:02:47 +0000 ===
=== puma startup: 2014-06-11 09:05:58 +0000 ===
=== puma startup: 2014-06-11 11:38:25 +0000 ===
=== puma startup: 2014-06-11 11:50:55 +0000 ===
=== puma startup: 2014-06-11 12:00:14 +0000 ===
=== puma startup: 2014-06-11 13:42:20 +0000 ===
2014-06-15 01:15:44 +0000: Rack app error: #<ActionController::UnknownHttpMethod: XGET, accepted HTTP methods are OPTIONS, GET, HEAD, POST, PUT, DELETE, TRACE, CONNECT, PROPFIND, PROPPATCH, MKCOL, COPY, MOVE, LOCK, UNLOCK, VERSION-CONTROL, REPORT, CHECKOUT, CHECKIN, UNCHECKOUT, MKWORKSPACE, UPDATE, LABEL, MERGE, BASELINE-CONTROL, MKACTIVITY, ORDERPATCH, ACL, SEARCH, and PATCH>
/home/ubuntu/travel-link/shared/bundle/ruby/2.1.0/gems/actionpack-4.0.5/lib/action_dispatch/http/request.rb:327:in `check_method'
/home/ubuntu/travel-link/shared/bundle/ruby/2.1.0/gems/actionpack-4.0.5/lib/action_dispatch/http/request.rb:92:in `request_method'
/home/ubuntu/travel-link/shared/bundle/ruby/2.1.0/gems/railties-4.0.5/lib/rails/rack/logger.rb:51:in `started_request_message'
/home/ubuntu/travel-link/shared/bundle/ruby/2.1.0/gems/railties-4.0.5/lib/rails/rack/logger.rb:37:in `call_app'
/home/ubuntu/travel-link/shared/bundle/ruby/2.1.0/gems/railties-4.0.5/lib/rails/rack/logger.rb:20:in `block in call'
/home/ubuntu/travel-link/shared/bundle/ruby/2.1.0/gems/activesupport-4.0.5/lib/active_support/tagged_logging.rb:68:in `block in tagged'
/home/ubuntu/travel-link/shared/bundle/ruby/2.1.0/gems/activesupport-4.0.5/lib/active_support/tagged_logging.rb:26:in `tagged'
/home/ubuntu/travel-link/shared/bundle/ruby/2.1.0/gems/activesupport-4.0.5/lib/active_support/tagged_logging.rb:68:in `tagged'
/home/ubuntu/travel-link/shared/bundle/ruby/2.1.0/gems/railties-4.0.5/lib/rails/rack/logger.rb:20:in `call'
/home/ubuntu/travel-link/shared/bundle/ruby/2.1.0/gems/actionpack-4.0.5/lib/action_dispatch/middleware/request_id.rb:21:in `call'
/home/ubuntu/travel-link/shared/bundle/ruby/2.1.0/gems/rack-1.5.2/lib/rack/methodoverride.rb:21:in `call'
/home/ubuntu/travel-link/shared/bundle/ruby/2.1.0/gems/rack-1.5.2/lib/rack/runtime.rb:17:in `call'
/home/ubuntu/travel-link/shared/bundle/ruby/2.1.0/gems/activesupport-4.0.5/lib/active_support/cache/strategy/local_cache.rb:83:in `call'
/home/ubuntu/travel-link/shared/bundle/ruby/2.1.0/gems/actionpack-4.0.5/lib/action_dispatch/middleware/static.rb:64:in `call'
/home/ubuntu/travel-link/shared/bundle/ruby/2.1.0/gems/rack-1.5.2/lib/rack/sendfile.rb:112:in `call'
/home/ubuntu/travel-link/shared/bundle/ruby/2.1.0/gems/railties-4.0.5/lib/rails/engine.rb:511:in `call'
/home/ubuntu/travel-link/shared/bundle/ruby/2.1.0/gems/railties-4.0.5/lib/rails/application.rb:97:in `call'
/home/ubuntu/travel-link/shared/bundle/ruby/2.1.0/gems/puma-2.8.2/lib/puma/configuration.rb:71:in `call'
/home/ubuntu/travel-link/shared/bundle/ruby/2.1.0/gems/puma-2.8.2/lib/puma/server.rb:490:in `handle_request'
/home/ubuntu/travel-link/shared/bundle/ruby/2.1.0/gems/puma-2.8.2/lib/puma/server.rb:361:in `process_client'
/home/ubuntu/travel-link/shared/bundle/ruby/2.1.0/gems/puma-2.8.2/lib/puma/server.rb:254:in `block in run'
/home/ubuntu/travel-link/shared/bundle/ruby/2.1.0/gems/puma-2.8.2/lib/puma/thread_pool.rb:92:in `call'
/home/ubuntu/travel-link/shared/bundle/ruby/2.1.0/gems/puma-2.8.2/lib/puma/thread_pool.rb:92:in `block in spawn_thread'
2014-06-24 18:43:30 +0000: HTTP parse error, malformed request (): #<Puma::HttpParserError: Invalid HTTP format, parsing fails.>
2014-06-24 18:43:30 +0000: ENV: {"rack.version"=>[1, 2], "rack.errors"=>#<File:/home/ubuntu/travel-link/shared/log/puma_access.log>, "rack.multithread"=>true, "rack.multiprocess"=>false, "rack.run_once"=>false, "SCRIPT_NAME"=>"", "CONTENT_TYPE"=>"text/plain", "QUERY_STRING"=>"", "SERVER_PROTOCOL"=>"HTTP/1.1", "SERVER_SOFTWARE"=>"2.8.2", "GATEWAY_INTERFACE"=>"CGI/1.2", "REQUEST_METHOD"=>"POST", "REQUEST_PATH"=>"/cgi-bin/php/%63%67%69%6E/%70%68%70"}
---
2014-06-24 18:43:31 +0000: HTTP parse error, malformed request (): #<Puma::HttpParserError: Invalid HTTP format, parsing fails.>
2014-06-24 18:43:31 +0000: ENV: {"rack.version"=>[1, 2], "rack.errors"=>#<File:/home/ubuntu/travel-link/shared/log/puma_access.log>, "rack.multithread"=>true, "rack.multiprocess"=>false, "rack.run_once"=>false, "SCRIPT_NAME"=>"", "CONTENT_TYPE"=>"text/plain", "QUERY_STRING"=>"", "SERVER_PROTOCOL"=>"HTTP/1.1", "SERVER_SOFTWARE"=>"2.8.2", "GATEWAY_INTERFACE"=>"CGI/1.2", "REQUEST_METHOD"=>"POST", "REQUEST_PATH"=>"/cgi-bin/php/%63%67%69%6E/%70%68%70"}
---
=== puma startup: 2014-06-29 13:56:22 +0000 ===
=== puma startup: 2014-06-29 14:19:56 +0000 ===
=== puma startup: 2014-06-29 14:53:49 +0000 ===
=== puma startup: 2014-06-30 13:23:38 +0000 ===
=== puma startup: 2014-06-30 14:06:35 +0000 ===
=== puma startup: 2014-07-01 13:06:29 +0000 ===
=== puma startup: 2014-07-02 08:48:08 +0000 ===
=== puma startup: 2014-07-02 11:22:02 +0000 ===
=== puma startup: 2014-07-02 12:59:04 +0000 ===
=== puma startup: 2014-07-02 13:16:01 +0000 ===
=== puma startup: 2014-07-02 13:28:34 +0000 ===
=== puma startup: 2014-07-04 13:59:05 +0000 ===
=== puma startup: 2014-07-04 14:06:11 +0000 ===
2014-08-03 11:39:38 +0000: Rack app error: #<ActionController::UnknownHttpMethod: XGET, accepted HTTP methods are OPTIONS, GET, HEAD, POST, PUT, DELETE, TRACE, CONNECT, PROPFIND, PROPPATCH, MKCOL, COPY, MOVE, LOCK, UNLOCK, VERSION-CONTROL, REPORT, CHECKOUT, CHECKIN, UNCHECKOUT, MKWORKSPACE, UPDATE, LABEL, MERGE, BASELINE-CONTROL, MKACTIVITY, ORDERPATCH, ACL, SEARCH, and PATCH>
/home/ubuntu/travel-link/shared/bundle/ruby/2.1.0/gems/actionpack-4.0.6/lib/action_dispatch/http/request.rb:327:in `check_method'
/home/ubuntu/travel-link/shared/bundle/ruby/2.1.0/gems/actionpack-4.0.6/lib/action_dispatch/http/request.rb:92:in `request_method'
/home/ubuntu/travel-link/shared/bundle/ruby/2.1.0/gems/railties-4.0.6/lib/rails/rack/logger.rb:51:in `started_request_message'
/home/ubuntu/travel-link/shared/bundle/ruby/2.1.0/gems/railties-4.0.6/lib/rails/rack/logger.rb:37:in `call_app'
/home/ubuntu/travel-link/shared/bundle/ruby/2.1.0/gems/railties-4.0.6/lib/rails/rack/logger.rb:20:in `block in call'
/home/ubuntu/travel-link/shared/bundle/ruby/2.1.0/gems/activesupport-4.0.6/lib/active_support/tagged_logging.rb:68:in `block in tagged'
/home/ubuntu/travel-link/shared/bundle/ruby/2.1.0/gems/activesupport-4.0.6/lib/active_support/tagged_logging.rb:26:in `tagged'
/home/ubuntu/travel-link/shared/bundle/ruby/2.1.0/gems/activesupport-4.0.6/lib/active_support/tagged_logging.rb:68:in `tagged'
/home/ubuntu/travel-link/shared/bundle/ruby/2.1.0/gems/railties-4.0.6/lib/rails/rack/logger.rb:20:in `call'
/home/ubuntu/travel-link/shared/bundle/ruby/2.1.0/gems/actionpack-4.0.6/lib/action_dispatch/middleware/request_id.rb:21:in `call'
/home/ubuntu/travel-link/shared/bundle/ruby/2.1.0/gems/rack-1.5.2/lib/rack/methodoverride.rb:21:in `call'
/home/ubuntu/travel-link/shared/bundle/ruby/2.1.0/gems/rack-1.5.2/lib/rack/runtime.rb:17:in `call'
/home/ubuntu/travel-link/shared/bundle/ruby/2.1.0/gems/actionpack-4.0.6/lib/action_dispatch/middleware/static.rb:64:in `call'
/home/ubuntu/travel-link/shared/bundle/ruby/2.1.0/gems/rack-1.5.2/lib/rack/sendfile.rb:112:in `call'
/home/ubuntu/travel-link/shared/bundle/ruby/2.1.0/gems/railties-4.0.6/lib/rails/engine.rb:511:in `call'
/home/ubuntu/travel-link/shared/bundle/ruby/2.1.0/gems/railties-4.0.6/lib/rails/application.rb:97:in `call'
/home/ubuntu/travel-link/shared/bundle/ruby/2.1.0/gems/puma-2.8.2/lib/puma/configuration.rb:71:in `call'
/home/ubuntu/travel-link/shared/bundle/ruby/2.1.0/gems/puma-2.8.2/lib/puma/server.rb:490:in `handle_request'
/home/ubuntu/travel-link/shared/bundle/ruby/2.1.0/gems/puma-2.8.2/lib/puma/server.rb:361:in `process_client'
/home/ubuntu/travel-link/shared/bundle/ruby/2.1.0/gems/puma-2.8.2/lib/puma/server.rb:254:in `block in run'
/home/ubuntu/travel-link/shared/bundle/ruby/2.1.0/gems/puma-2.8.2/lib/puma/thread_pool.rb:92:in `call'
/home/ubuntu/travel-link/shared/bundle/ruby/2.1.0/gems/puma-2.8.2/lib/puma/thread_pool.rb:92:in `block in spawn_thread'
2014-08-03 11:39:38 +0000: Rack app error: #<ActionController::UnknownHttpMethod: XGET, accepted HTTP methods are OPTIONS, GET, HEAD, POST, PUT, DELETE, TRACE, CONNECT, PROPFIND, PROPPATCH, MKCOL, COPY, MOVE, LOCK, UNLOCK, VERSION-CONTROL, REPORT, CHECKOUT, CHECKIN, UNCHECKOUT, MKWORKSPACE, UPDATE, LABEL, MERGE, BASELINE-CONTROL, MKACTIVITY, ORDERPATCH, ACL, SEARCH, and PATCH>
/home/ubuntu/travel-link/shared/bundle/ruby/2.1.0/gems/actionpack-4.0.6/lib/action_dispatch/http/request.rb:327:in `check_method'
/home/ubuntu/travel-link/shared/bundle/ruby/2.1.0/gems/actionpack-4.0.6/lib/action_dispatch/http/request.rb:92:in `request_method'
/home/ubuntu/travel-link/shared/bundle/ruby/2.1.0/gems/railties-4.0.6/lib/rails/rack/logger.rb:51:in `started_request_message'
/home/ubuntu/travel-link/shared/bundle/ruby/2.1.0/gems/railties-4.0.6/lib/rails/rack/logger.rb:37:in `call_app'
/home/ubuntu/travel-link/shared/bundle/ruby/2.1.0/gems/railties-4.0.6/lib/rails/rack/logger.rb:20:in `block in call'
/home/ubuntu/travel-link/shared/bundle/ruby/2.1.0/gems/activesupport-4.0.6/lib/active_support/tagged_logging.rb:68:in `block in tagged'
/home/ubuntu/travel-link/shared/bundle/ruby/2.1.0/gems/activesupport-4.0.6/lib/active_support/tagged_logging.rb:26:in `tagged'
/home/ubuntu/travel-link/shared/bundle/ruby/2.1.0/gems/activesupport-4.0.6/lib/active_support/tagged_logging.rb:68:in `tagged'
/home/ubuntu/travel-link/shared/bundle/ruby/2.1.0/gems/railties-4.0.6/lib/rails/rack/logger.rb:20:in `call'
/home/ubuntu/travel-link/shared/bundle/ruby/2.1.0/gems/actionpack-4.0.6/lib/action_dispatch/middleware/request_id.rb:21:in `call'
/home/ubuntu/travel-link/shared/bundle/ruby/2.1.0/gems/rack-1.5.2/lib/rack/methodoverride.rb:21:in `call'
/home/ubuntu/travel-link/shared/bundle/ruby/2.1.0/gems/rack-1.5.2/lib/rack/runtime.rb:17:in `call'
/home/ubuntu/travel-link/shared/bundle/ruby/2.1.0/gems/actionpack-4.0.6/lib/action_dispatch/middleware/static.rb:64:in `call'
/home/ubuntu/travel-link/shared/bundle/ruby/2.1.0/gems/rack-1.5.2/lib/rack/sendfile.rb:112:in `call'
/home/ubuntu/travel-link/shared/bundle/ruby/2.1.0/gems/railties-4.0.6/lib/rails/engine.rb:511:in `call'
/home/ubuntu/travel-link/shared/bundle/ruby/2.1.0/gems/railties-4.0.6/lib/rails/application.rb:97:in `call'
/home/ubuntu/travel-link/shared/bundle/ruby/2.1.0/gems/puma-2.8.2/lib/puma/configuration.rb:71:in `call'
/home/ubuntu/travel-link/shared/bundle/ruby/2.1.0/gems/puma-2.8.2/lib/puma/server.rb:490:in `handle_request'
/home/ubuntu/travel-link/shared/bundle/ruby/2.1.0/gems/puma-2.8.2/lib/puma/server.rb:361:in `process_client'
/home/ubuntu/travel-link/shared/bundle/ruby/2.1.0/gems/puma-2.8.2/lib/puma/server.rb:254:in `block in run'
/home/ubuntu/travel-link/shared/bundle/ruby/2.1.0/gems/puma-2.8.2/lib/puma/thread_pool.rb:92:in `call'
/home/ubuntu/travel-link/shared/bundle/ruby/2.1.0/gems/puma-2.8.2/lib/puma/thread_pool.rb:92:in `block in spawn_thread'
=== puma startup: 2014-08-06 13:29:17 +0000 ===
=== puma startup: 2014-08-06 13:32:18 +0000 ===
2014-08-07 10:08:59 +0000: Rack app error: #<ActionController::UnknownHttpMethod: XGET, accepted HTTP methods are OPTIONS, GET, HEAD, POST, PUT, DELETE, TRACE, CONNECT, PROPFIND, PROPPATCH, MKCOL, COPY, MOVE, LOCK, UNLOCK, VERSION-CONTROL, REPORT, CHECKOUT, CHECKIN, UNCHECKOUT, MKWORKSPACE, UPDATE, LABEL, MERGE, BASELINE-CONTROL, MKACTIVITY, ORDERPATCH, ACL, SEARCH, and PATCH>
/home/ubuntu/travel-link/shared/bundle/ruby/2.1.0/gems/actionpack-4.0.6/lib/action_dispatch/http/request.rb:327:in `check_method'
/home/ubuntu/travel-link/shared/bundle/ruby/2.1.0/gems/actionpack-4.0.6/lib/action_dispatch/http/request.rb:92:in `request_method'
/home/ubuntu/travel-link/shared/bundle/ruby/2.1.0/gems/railties-4.0.6/lib/rails/rack/logger.rb:51:in `started_request_message'
/home/ubuntu/travel-link/shared/bundle/ruby/2.1.0/gems/railties-4.0.6/lib/rails/rack/logger.rb:37:in `call_app'
/home/ubuntu/travel-link/shared/bundle/ruby/2.1.0/gems/railties-4.0.6/lib/rails/rack/logger.rb:20:in `block in call'
/home/ubuntu/travel-link/shared/bundle/ruby/2.1.0/gems/activesupport-4.0.6/lib/active_support/tagged_logging.rb:68:in `block in tagged'
/home/ubuntu/travel-link/shared/bundle/ruby/2.1.0/gems/activesupport-4.0.6/lib/active_support/tagged_logging.rb:26:in `tagged'
/home/ubuntu/travel-link/shared/bundle/ruby/2.1.0/gems/activesupport-4.0.6/lib/active_support/tagged_logging.rb:68:in `tagged'
/home/ubuntu/travel-link/shared/bundle/ruby/2.1.0/gems/railties-4.0.6/lib/rails/rack/logger.rb:20:in `call'
/home/ubuntu/travel-link/shared/bundle/ruby/2.1.0/gems/actionpack-4.0.6/lib/action_dispatch/middleware/request_id.rb:21:in `call'
/home/ubuntu/travel-link/shared/bundle/ruby/2.1.0/gems/rack-1.5.2/lib/rack/methodoverride.rb:21:in `call'
/home/ubuntu/travel-link/shared/bundle/ruby/2.1.0/gems/rack-1.5.2/lib/rack/runtime.rb:17:in `call'
/home/ubuntu/travel-link/shared/bundle/ruby/2.1.0/gems/actionpack-4.0.6/lib/action_dispatch/middleware/static.rb:64:in `call'
/home/ubuntu/travel-link/shared/bundle/ruby/2.1.0/gems/rack-1.5.2/lib/rack/sendfile.rb:112:in `call'
/home/ubuntu/travel-link/shared/bundle/ruby/2.1.0/gems/railties-4.0.6/lib/rails/engine.rb:511:in `call'
/home/ubuntu/travel-link/shared/bundle/ruby/2.1.0/gems/railties-4.0.6/lib/rails/application.rb:97:in `call'
/home/ubuntu/travel-link/shared/bundle/ruby/2.1.0/gems/puma-2.8.2/lib/puma/configuration.rb:71:in `call'
/home/ubuntu/travel-link/shared/bundle/ruby/2.1.0/gems/puma-2.8.2/lib/puma/server.rb:490:in `handle_request'
/home/ubuntu/travel-link/shared/bundle/ruby/2.1.0/gems/puma-2.8.2/lib/puma/server.rb:361:in `process_client'
/home/ubuntu/travel-link/shared/bundle/ruby/2.1.0/gems/puma-2.8.2/lib/puma/server.rb:254:in `block in run'
/home/ubuntu/travel-link/shared/bundle/ruby/2.1.0/gems/puma-2.8.2/lib/puma/thread_pool.rb:92:in `call'
/home/ubuntu/travel-link/shared/bundle/ruby/2.1.0/gems/puma-2.8.2/lib/puma/thread_pool.rb:92:in `block in spawn_thread'
2014-08-07 10:09:00 +0000: Rack app error: #<ActionController::UnknownHttpMethod: XGET, accepted HTTP methods are OPTIONS, GET, HEAD, POST, PUT, DELETE, TRACE, CONNECT, PROPFIND, PROPPATCH, MKCOL, COPY, MOVE, LOCK, UNLOCK, VERSION-CONTROL, REPORT, CHECKOUT, CHECKIN, UNCHECKOUT, MKWORKSPACE, UPDATE, LABEL, MERGE, BASELINE-CONTROL, MKACTIVITY, ORDERPATCH, ACL, SEARCH, and PATCH>
/home/ubuntu/travel-link/shared/bundle/ruby/2.1.0/gems/actionpack-4.0.6/lib/action_dispatch/http/request.rb:327:in `check_method'
/home/ubuntu/travel-link/shared/bundle/ruby/2.1.0/gems/actionpack-4.0.6/lib/action_dispatch/http/request.rb:92:in `request_method'
/home/ubuntu/travel-link/shared/bundle/ruby/2.1.0/gems/railties-4.0.6/lib/rails/rack/logger.rb:51:in `started_request_message'
/home/ubuntu/travel-link/shared/bundle/ruby/2.1.0/gems/railties-4.0.6/lib/rails/rack/logger.rb:37:in `call_app'
/home/ubuntu/travel-link/shared/bundle/ruby/2.1.0/gems/railties-4.0.6/lib/rails/rack/logger.rb:20:in `block in call'
/home/ubuntu/travel-link/shared/bundle/ruby/2.1.0/gems/activesupport-4.0.6/lib/active_support/tagged_logging.rb:68:in `block in tagged'
/home/ubuntu/travel-link/shared/bundle/ruby/2.1.0/gems/activesupport-4.0.6/lib/active_support/tagged_logging.rb:26:in `tagged'
/home/ubuntu/travel-link/shared/bundle/ruby/2.1.0/gems/activesupport-4.0.6/lib/active_support/tagged_logging.rb:68:in `tagged'
/home/ubuntu/travel-link/shared/bundle/ruby/2.1.0/gems/railties-4.0.6/lib/rails/rack/logger.rb:20:in `call'
/home/ubuntu/travel-link/shared/bundle/ruby/2.1.0/gems/actionpack-4.0.6/lib/action_dispatch/middleware/request_id.rb:21:in `call'
/home/ubuntu/travel-link/shared/bundle/ruby/2.1.0/gems/rack-1.5.2/lib/rack/methodoverride.rb:21:in `call'
/home/ubuntu/travel-link/shared/bundle/ruby/2.1.0/gems/rack-1.5.2/lib/rack/runtime.rb:17:in `call'
/home/ubuntu/travel-link/shared/bundle/ruby/2.1.0/gems/actionpack-4.0.6/lib/action_dispatch/middleware/static.rb:64:in `call'
/home/ubuntu/travel-link/shared/bundle/ruby/2.1.0/gems/rack-1.5.2/lib/rack/sendfile.rb:112:in `call'
/home/ubuntu/travel-link/shared/bundle/ruby/2.1.0/gems/railties-4.0.6/lib/rails/engine.rb:511:in `call'
/home/ubuntu/travel-link/shared/bundle/ruby/2.1.0/gems/railties-4.0.6/lib/rails/application.rb:97:in `call'
/home/ubuntu/travel-link/shared/bundle/ruby/2.1.0/gems/puma-2.8.2/lib/puma/configuration.rb:71:in `call'
/home/ubuntu/travel-link/shared/bundle/ruby/2.1.0/gems/puma-2.8.2/lib/puma/server.rb:490:in `handle_request'
/home/ubuntu/travel-link/shared/bundle/ruby/2.1.0/gems/puma-2.8.2/lib/puma/server.rb:361:in `process_client'
/home/ubuntu/travel-link/shared/bundle/ruby/2.1.0/gems/puma-2.8.2/lib/puma/server.rb:254:in `block in run'
/home/ubuntu/travel-link/shared/bundle/ruby/2.1.0/gems/puma-2.8.2/lib/puma/thread_pool.rb:92:in `call'
/home/ubuntu/travel-link/shared/bundle/ruby/2.1.0/gems/puma-2.8.2/lib/puma/thread_pool.rb:92:in `block in spawn_thread'
=== puma startup: 2014-08-08 06:54:53 +0000 ===
2014-08-08 06:59:00 +0000: HTTP parse error, malformed request (): #<Puma::HttpParserError: Invalid HTTP format, parsing fails.>
2014-08-08 06:59:00 +0000: ENV: {"rack.version"=>[1, 2], "rack.errors"=>#<File:/home/ubuntu/travel-link/shared/log/puma_access.log>, "rack.multithread"=>true, "rack.multiprocess"=>false, "rack.run_once"=>false, "SCRIPT_NAME"=>"", "CONTENT_TYPE"=>"text/plain", "QUERY_STRING"=>"", "SERVER_PROTOCOL"=>"HTTP/1.1", "SERVER_SOFTWARE"=>"2.8.2", "GATEWAY_INTERFACE"=>"CGI/1.2"}
---
2014-08-08 06:59:02 +0000: HTTP parse error, malformed request (): #<Puma::HttpParserError: Invalid HTTP format, parsing fails.>
2014-08-08 06:59:02 +0000: ENV: {"rack.version"=>[1, 2], "rack.errors"=>#<File:/home/ubuntu/travel-link/shared/log/puma_access.log>, "rack.multithread"=>true, "rack.multiprocess"=>false, "rack.run_once"=>false, "SCRIPT_NAME"=>"", "CONTENT_TYPE"=>"text/plain", "QUERY_STRING"=>"", "SERVER_PROTOCOL"=>"HTTP/1.1", "SERVER_SOFTWARE"=>"2.8.2", "GATEWAY_INTERFACE"=>"CGI/1.2"}
---
2014-08-08 06:59:03 +0000: HTTP parse error, malformed request (): #<Puma::HttpParserError: Invalid HTTP format, parsing fails.>
2014-08-08 06:59:03 +0000: ENV: {"rack.version"=>[1, 2], "rack.errors"=>#<File:/home/ubuntu/travel-link/shared/log/puma_access.log>, "rack.multithread"=>true, "rack.multiprocess"=>false, "rack.run_once"=>false, "SCRIPT_NAME"=>"", "CONTENT_TYPE"=>"text/plain", "QUERY_STRING"=>"", "SERVER_PROTOCOL"=>"HTTP/1.1", "SERVER_SOFTWARE"=>"2.8.2", "GATEWAY_INTERFACE"=>"CGI/1.2"}
---
2014-08-08 06:59:04 +0000: HTTP parse error, malformed request (): #<Puma::HttpParserError: Invalid HTTP format, parsing fails.>
2014-08-08 06:59:04 +0000: ENV: {"rack.version"=>[1, 2], "rack.errors"=>#<File:/home/ubuntu/travel-link/shared/log/puma_access.log>, "rack.multithread"=>true, "rack.multiprocess"=>false, "rack.run_once"=>false, "SCRIPT_NAME"=>"", "CONTENT_TYPE"=>"text/plain", "QUERY_STRING"=>"", "SERVER_PROTOCOL"=>"HTTP/1.1", "SERVER_SOFTWARE"=>"2.8.2", "GATEWAY_INTERFACE"=>"CGI/1.2"}
---
2014-08-08 06:59:05 +0000: HTTP parse error, malformed request (): #<Puma::HttpParserError: Invalid HTTP format, parsing fails.>
2014-08-08 06:59:05 +0000: ENV: {"rack.version"=>[1, 2], "rack.errors"=>#<File:/home/ubuntu/travel-link/shared/log/puma_access.log>, "rack.multithread"=>true, "rack.multiprocess"=>false, "rack.run_once"=>false, "SCRIPT_NAME"=>"", "CONTENT_TYPE"=>"text/plain", "QUERY_STRING"=>"", "SERVER_PROTOCOL"=>"HTTP/1.1", "SERVER_SOFTWARE"=>"2.8.2", "GATEWAY_INTERFACE"=>"CGI/1.2"}
---
2014-08-08 06:59:06 +0000: HTTP parse error, malformed request (): #<Puma::HttpParserError: Invalid HTTP format, parsing fails.>
2014-08-08 06:59:06 +0000: ENV: {"rack.version"=>[1, 2], "rack.errors"=>#<File:/home/ubuntu/travel-link/shared/log/puma_access.log>, "rack.multithread"=>true, "rack.multiprocess"=>false, "rack.run_once"=>false, "SCRIPT_NAME"=>"", "CONTENT_TYPE"=>"text/plain", "QUERY_STRING"=>"", "SERVER_PROTOCOL"=>"HTTP/1.1", "SERVER_SOFTWARE"=>"2.8.2", "GATEWAY_INTERFACE"=>"CGI/1.2"}
---
2014-08-08 06:59:06 +0000: HTTP parse error, malformed request (): #<Puma::HttpParserError: Invalid HTTP format, parsing fails.>
2014-08-08 06:59:06 +0000: ENV: {"rack.version"=>[1, 2], "rack.errors"=>#<File:/home/ubuntu/travel-link/shared/log/puma_access.log>, "rack.multithread"=>true, "rack.multiprocess"=>false, "rack.run_once"=>false, "SCRIPT_NAME"=>"", "CONTENT_TYPE"=>"text/plain", "QUERY_STRING"=>"", "SERVER_PROTOCOL"=>"HTTP/1.1", "SERVER_SOFTWARE"=>"2.8.2", "GATEWAY_INTERFACE"=>"CGI/1.2"}
---
2014-08-08 06:59:07 +0000: HTTP parse error, malformed request (): #<Puma::HttpParserError: Invalid HTTP format, parsing fails.>
2014-08-08 06:59:07 +0000: ENV: {"rack.version"=>[1, 2], "rack.errors"=>#<File:/home/ubuntu/travel-link/shared/log/puma_access.log>, "rack.multithread"=>true, "rack.multiprocess"=>false, "rack.run_once"=>false, "SCRIPT_NAME"=>"", "CONTENT_TYPE"=>"text/plain", "QUERY_STRING"=>"", "SERVER_PROTOCOL"=>"HTTP/1.1", "SERVER_SOFTWARE"=>"2.8.2", "GATEWAY_INTERFACE"=>"CGI/1.2"}
---
=== puma startup: 2014-08-08 07:00:28 +0000 ===
2014-08-08 07:00:28 +0000: HTTP parse error, malformed request (): #<Puma::HttpParserError: Invalid HTTP format, parsing fails.>
2014-08-08 07:00:28 +0000: ENV: {"rack.version"=>[1, 2], "rack.errors"=>#<File:/home/ubuntu/travel-link/shared/log/puma_access.log>, "rack.multithread"=>true, "rack.multiprocess"=>false, "rack.run_once"=>false, "SCRIPT_NAME"=>"", "CONTENT_TYPE"=>"text/plain", "QUERY_STRING"=>"", "SERVER_PROTOCOL"=>"HTTP/1.1", "SERVER_SOFTWARE"=>"2.8.2", "GATEWAY_INTERFACE"=>"CGI/1.2"}
---
2014-08-08 07:00:35 +0000: HTTP parse error, malformed request (): #<Puma::HttpParserError: Invalid HTTP format, parsing fails.>
2014-08-08 07:00:35 +0000: ENV: {"rack.version"=>[1, 2], "rack.errors"=>#<File:/home/ubuntu/travel-link/shared/log/puma_access.log>, "rack.multithread"=>true, "rack.multiprocess"=>false, "rack.run_once"=>false, "SCRIPT_NAME"=>"", "CONTENT_TYPE"=>"text/plain", "QUERY_STRING"=>"", "SERVER_PROTOCOL"=>"HTTP/1.1", "SERVER_SOFTWARE"=>"2.8.2", "GATEWAY_INTERFACE"=>"CGI/1.2"}
---
2014-08-08 07:02:17 +0000: HTTP parse error, malformed request (): #<Puma::HttpParserError: Invalid HTTP format, parsing fails.>
2014-08-08 07:02:17 +0000: ENV: {"rack.version"=>[1, 2], "rack.errors"=>#<File:/home/ubuntu/travel-link/shared/log/puma_access.log>, "rack.multithread"=>true, "rack.multiprocess"=>false, "rack.run_once"=>false, "SCRIPT_NAME"=>"", "CONTENT_TYPE"=>"text/plain", "QUERY_STRING"=>"", "SERVER_PROTOCOL"=>"HTTP/1.1", "SERVER_SOFTWARE"=>"2.8.2", "GATEWAY_INTERFACE"=>"CGI/1.2"}
---
2014-08-08 07:02:19 +0000: HTTP parse error, malformed request (): #<Puma::HttpParserError: Invalid HTTP format, parsing fails.>
2014-08-08 07:02:19 +0000: ENV: {"rack.version"=>[1, 2], "rack.errors"=>#<File:/home/ubuntu/travel-link/shared/log/puma_access.log>, "rack.multithread"=>true, "rack.multiprocess"=>false, "rack.run_once"=>false, "SCRIPT_NAME"=>"", "CONTENT_TYPE"=>"text/plain", "QUERY_STRING"=>"", "SERVER_PROTOCOL"=>"HTTP/1.1", "SERVER_SOFTWARE"=>"2.8.2", "GATEWAY_INTERFACE"=>"CGI/1.2"}
---
2014-08-08 07:02:21 +0000: HTTP parse error, malformed request (): #<Puma::HttpParserError: Invalid HTTP format, parsing fails.>
2014-08-08 07:02:21 +0000: ENV: {"rack.version"=>[1, 2], "rack.errors"=>#<File:/home/ubuntu/travel-link/shared/log/puma_access.log>, "rack.multithread"=>true, "rack.multiprocess"=>false, "rack.run_once"=>false, "SCRIPT_NAME"=>"", "CONTENT_TYPE"=>"text/plain", "QUERY_STRING"=>"", "SERVER_PROTOCOL"=>"HTTP/1.1", "SERVER_SOFTWARE"=>"2.8.2", "GATEWAY_INTERFACE"=>"CGI/1.2"}
---
=== puma startup: 2014-10-02 07:24:07 +0000 ===
=== puma startup: 2014-10-02 07:36:29 +0000 ===
=== puma startup: 2014-10-02 07:39:25 +0000 ===
=== puma startup: 2014-10-02 13:55:00 +0000 ===
=== puma startup: 2014-10-02 19:18:50 +0000 ===
=== puma startup: 2014-10-02 19:24:32 +0000 ===
=== puma startup: 2014-10-03 06:38:58 +0000 ===
2014-10-23 04:34:57 +0000: HTTP parse error, malformed request (): #<Puma::HttpParserError: Invalid HTTP format, parsing fails.>
2014-10-23 04:34:57 +0000: ENV: {"rack.version"=>[1, 2], "rack.errors"=>#<File:/home/ubuntu/travel-link/shared/log/puma_access.log>, "rack.multithread"=>true, "rack.multiprocess"=>false, "rack.run_once"=>false, "SCRIPT_NAME"=>"", "CONTENT_TYPE"=>"text/plain", "QUERY_STRING"=>"", "SERVER_PROTOCOL"=>"HTTP/1.1", "SERVER_SOFTWARE"=>"2.8.2", "GATEWAY_INTERFACE"=>"CGI/1.2", "REQUEST_METHOD"=>"GET", "REQUEST_PATH"=>"//cgi-bin/webcm"}
---
=== puma startup: 2014-11-17 14:48:49 +0000 ===
2014-11-18 13:56:32 +0000: HTTP parse error, malformed request (): #<Puma::HttpParserError: Invalid HTTP format, parsing fails.>
2014-11-18 13:56:32 +0000: ENV: {"rack.version"=>[1, 2], "rack.errors"=>#<File:/home/ubuntu/travel-link/shared/log/puma_access.log>, "rack.multithread"=>true, "rack.multiprocess"=>false, "rack.run_once"=>false, "SCRIPT_NAME"=>"", "CONTENT_TYPE"=>"text/plain", "QUERY_STRING"=>"", "SERVER_PROTOCOL"=>"HTTP/1.1", "SERVER_SOFTWARE"=>"2.8.2", "GATEWAY_INTERFACE"=>"CGI/1.2", "REQUEST_METHOD"=>"GET", "REQUEST_PATH"=>"//cgi-bin/webcm"}
---
=== puma startup: 2015-03-26 15:28:09 +0000 ===
=== puma startup: 2015-03-26 17:57:52 +0000 ===
=== puma startup: 2015-03-26 18:09:33 +0000 ===
=== puma startup: 2015-03-26 18:34:04 +0000 ===
=== puma startup: 2015-03-27 15:05:22 +0000 ===
=== puma startup: 2015-03-28 20:08:33 +0000 ===
=== puma startup: 2015-03-28 20:11:48 +0000 ===
=== puma startup: 2015-03-30 14:31:14 +0000 ===
=== puma startup: 2015-03-30 14:35:29 +0000 ===
/home/ubuntu/.rvm/gems/ruby-2.1.2@global/gems/bundler-1.6.2/lib/bundler/spec_set.rb:92:in `block in materialize': Could not find rake-10.4.2 in any of the sources (Bundler::GemNotFound)
	from /home/ubuntu/.rvm/gems/ruby-2.1.2@global/gems/bundler-1.6.2/lib/bundler/spec_set.rb:85:in `map!'
	from /home/ubuntu/.rvm/gems/ruby-2.1.2@global/gems/bundler-1.6.2/lib/bundler/spec_set.rb:85:in `materialize'
	from /home/ubuntu/.rvm/gems/ruby-2.1.2@global/gems/bundler-1.6.2/lib/bundler/definition.rb:133:in `specs'
	from /home/ubuntu/.rvm/gems/ruby-2.1.2@global/gems/bundler-1.6.2/lib/bundler/definition.rb:178:in `specs_for'
	from /home/ubuntu/.rvm/gems/ruby-2.1.2@global/gems/bundler-1.6.2/lib/bundler/definition.rb:167:in `requested_specs'
	from /home/ubuntu/.rvm/gems/ruby-2.1.2@global/gems/bundler-1.6.2/lib/bundler/environment.rb:18:in `requested_specs'
	from /home/ubuntu/.rvm/gems/ruby-2.1.2@global/gems/bundler-1.6.2/lib/bundler/runtime.rb:13:in `setup'
	from /home/ubuntu/.rvm/gems/ruby-2.1.2@global/gems/bundler-1.6.2/lib/bundler.rb:120:in `setup'
	from /home/ubuntu/.rvm/gems/ruby-2.1.2@global/gems/bundler-1.6.2/lib/bundler/setup.rb:17:in `<top (required)>'
	from /home/ubuntu/.rvm/rubies/ruby-2.1.2/lib/ruby/2.1.0/rubygems/core_ext/kernel_require.rb:55:in `require'
	from /home/ubuntu/.rvm/rubies/ruby-2.1.2/lib/ruby/2.1.0/rubygems/core_ext/kernel_require.rb:55:in `require'
=== puma startup: 2015-03-30 15:22:30 +0000 ===
DEPRECATION WARNING: The configuration option `config.serve_static_assets` has been renamed to `config.serve_static_files` to clarify its role (it merely enables serving everything in the `public` folder and is unrelated to the asset pipeline). The `serve_static_assets` alias will be removed in Rails 5.0. Please migrate your configuration files accordingly. (called from block in <top (required)> at /home/ubuntu/travel-link/releases/20150330151550/config/environments/production.rb:23)
=== puma startup: 2015-03-30 15:57:00 +0000 ===
DEPRECATION WARNING: The configuration option `config.serve_static_assets` has been renamed to `config.serve_static_files` to clarify its role (it merely enables serving everything in the `public` folder and is unrelated to the asset pipeline). The `serve_static_assets` alias will be removed in Rails 5.0. Please migrate your configuration files accordingly. (called from block in <top (required)> at /home/ubuntu/travel-link/releases/20150330155615/config/environments/production.rb:23)
=== puma startup: 2015-03-30 15:58:01 +0000 ===
DEPRECATION WARNING: The configuration option `config.serve_static_assets` has been renamed to `config.serve_static_files` to clarify its role (it merely enables serving everything in the `public` folder and is unrelated to the asset pipeline). The `serve_static_assets` alias will be removed in Rails 5.0. Please migrate your configuration files accordingly. (called from block in <top (required)> at /home/ubuntu/travel-link/releases/20150330155615/config/environments/production.rb:23)
/home/ubuntu/travel-link/shared/bundle/ruby/2.2.0/gems/puma-2.11.1/lib/puma/binder.rb:284:in `add_unix_listener': There is already a server bound to: /home/ubuntu/travel-link/shared/tmp/sockets/puma.sock (RuntimeError)
	from /home/ubuntu/travel-link/shared/bundle/ruby/2.2.0/gems/puma-2.11.1/lib/puma/binder.rb:124:in `block in parse'
	from /home/ubuntu/travel-link/shared/bundle/ruby/2.2.0/gems/puma-2.11.1/lib/puma/binder.rb:82:in `each'
	from /home/ubuntu/travel-link/shared/bundle/ruby/2.2.0/gems/puma-2.11.1/lib/puma/binder.rb:82:in `parse'
	from /home/ubuntu/travel-link/shared/bundle/ruby/2.2.0/gems/puma-2.11.1/lib/puma/runner.rb:119:in `load_and_bind'
	from /home/ubuntu/travel-link/shared/bundle/ruby/2.2.0/gems/puma-2.11.1/lib/puma/single.rb:79:in `run'
	from /home/ubuntu/travel-link/shared/bundle/ruby/2.2.0/gems/puma-2.11.1/lib/puma/cli.rb:512:in `run'
	from /home/ubuntu/travel-link/shared/bundle/ruby/2.2.0/gems/puma-2.11.1/bin/puma:10:in `<top (required)>'
	from /home/ubuntu/travel-link/shared/bundle/ruby/2.2.0/bin/puma:23:in `load'
	from /home/ubuntu/travel-link/shared/bundle/ruby/2.2.0/bin/puma:23:in `<main>'
=== puma startup: 2015-03-30 16:09:28 +0000 ===
DEPRECATION WARNING: The configuration option `config.serve_static_assets` has been renamed to `config.serve_static_files` to clarify its role (it merely enables serving everything in the `public` folder and is unrelated to the asset pipeline). The `serve_static_assets` alias will be removed in Rails 5.0. Please migrate your configuration files accordingly. (called from block in <top (required)> at /home/ubuntu/travel-link/releases/20150330160854/config/environments/production.rb:23)
=== puma startup: 2015-03-30 16:09:43 +0000 ===
DEPRECATION WARNING: The configuration option `config.serve_static_assets` has been renamed to `config.serve_static_files` to clarify its role (it merely enables serving everything in the `public` folder and is unrelated to the asset pipeline). The `serve_static_assets` alias will be removed in Rails 5.0. Please migrate your configuration files accordingly. (called from block in <top (required)> at /home/ubuntu/travel-link/releases/20150330160854/config/environments/production.rb:23)
/home/ubuntu/travel-link/shared/bundle/ruby/2.2.0/gems/puma-2.11.1/lib/puma/binder.rb:284:in `add_unix_listener': There is already a server bound to: /home/ubuntu/travel-link/shared/tmp/sockets/puma.sock (RuntimeError)
	from /home/ubuntu/travel-link/shared/bundle/ruby/2.2.0/gems/puma-2.11.1/lib/puma/binder.rb:124:in `block in parse'
	from /home/ubuntu/travel-link/shared/bundle/ruby/2.2.0/gems/puma-2.11.1/lib/puma/binder.rb:82:in `each'
	from /home/ubuntu/travel-link/shared/bundle/ruby/2.2.0/gems/puma-2.11.1/lib/puma/binder.rb:82:in `parse'
	from /home/ubuntu/travel-link/shared/bundle/ruby/2.2.0/gems/puma-2.11.1/lib/puma/runner.rb:119:in `load_and_bind'
	from /home/ubuntu/travel-link/shared/bundle/ruby/2.2.0/gems/puma-2.11.1/lib/puma/single.rb:79:in `run'
	from /home/ubuntu/travel-link/shared/bundle/ruby/2.2.0/gems/puma-2.11.1/lib/puma/cli.rb:512:in `run'
	from /home/ubuntu/travel-link/shared/bundle/ruby/2.2.0/gems/puma-2.11.1/bin/puma:10:in `<top (required)>'
	from /home/ubuntu/travel-link/shared/bundle/ruby/2.2.0/bin/puma:23:in `load'
	from /home/ubuntu/travel-link/shared/bundle/ruby/2.2.0/bin/puma:23:in `<main>'
=== puma startup: 2015-03-30 16:36:10 +0000 ===
DEPRECATION WARNING: The configuration option `config.serve_static_assets` has been renamed to `config.serve_static_files` to clarify its role (it merely enables serving everything in the `public` folder and is unrelated to the asset pipeline). The `serve_static_assets` alias will be removed in Rails 5.0. Please migrate your configuration files accordingly. (called from block in <top (required)> at /home/ubuntu/travel-link/releases/20150330163532/config/environments/production.rb:23)
=== puma startup: 2015-03-30 16:44:08 +0000 ===
DEPRECATION WARNING: The configuration option `config.serve_static_assets` has been renamed to `config.serve_static_files` to clarify its role (it merely enables serving everything in the `public` folder and is unrelated to the asset pipeline). The `serve_static_assets` alias will be removed in Rails 5.0. Please migrate your configuration files accordingly. (called from block in <top (required)> at /home/ubuntu/travel-link/releases/20150330164333/config/environments/production.rb:23)
=== puma startup: 2015-03-31 14:05:57 +0000 ===
=== puma startup: 2015-03-31 14:15:25 +0000 ===
=== puma startup: 2015-03-31 14:22:44 +0000 ===
=== puma startup: 2015-03-31 14:46:55 +0000 ===
=== puma startup: 2015-03-31 15:41:13 +0000 ===
=== puma startup: 2015-03-31 20:34:06 +0000 ===
=== puma startup: 2015-03-31 20:35:44 +0000 ===
=== puma startup: 2015-03-31 20:45:14 +0000 ===
=== puma startup: 2015-03-31 20:49:28 +0000 ===
=== puma startup: 2015-04-01 14:02:58 +0000 ===
=== puma startup: 2015-04-01 14:07:05 +0000 ===
=== puma startup: 2015-04-01 14:07:24 +0000 ===
=== puma startup: 2015-04-01 14:11:48 +0000 ===
2015-08-23 05:51:21 +0000: HTTP parse error, malformed request (127.0.0.1): #<Puma::HttpParserError: Invalid HTTP format, parsing fails.>
2015-08-23 05:51:21 +0000: ENV: {"rack.version"=>[1, 3], "rack.errors"=>#<File:/home/ubuntu/travel-link/shared/log/puma_access.log>, "rack.multithread"=>true, "rack.multiprocess"=>false, "rack.run_once"=>false, "SCRIPT_NAME"=>"", "CONTENT_TYPE"=>"text/plain", "QUERY_STRING"=>"", "SERVER_PROTOCOL"=>"HTTP/1.1", "SERVER_SOFTWARE"=>"2.11.1", "GATEWAY_INTERFACE"=>"CGI/1.2", "REMOTE_ADDR"=>"127.0.0.1", "REQUEST_METHOD"=>"GET", "REQUEST_PATH"=>"//cgi-bin/webcm"}
---
